[0.011s] Invoking command in '/home/kuba/control_ws/src/teleop_robot/build/carlikebot': AMENT_PREFIX_PATH=/home/kuba/control_ws/src/teleop_robot/install/ros2_control_demo_description:${AMENT_PREFIX_PATH} CMAKE_PREFIX_PATH=/home/kuba/control_ws/src/teleop_robot/install/ros2_control_demo_description:/home/kuba/control_ws/install/ros2_control_demos:/home/kuba/control_ws/install/ros2_control_demo_example_11:/home/kuba/control_ws/install/ros2_control_demo_description:/opt/ros/humble /usr/bin/cmake /home/kuba/control_ws/src/teleop_robot/bot -DAMENT_CMAKE_SYMLINK_INSTALL=1 -DCMAKE_INSTALL_PREFIX=/home/kuba/control_ws/src/teleop_robot/install/carlikebot
[0.083s] -- The CXX compiler identification is GNU 11.4.0
[0.091s] -- Detecting CXX compiler ABI info
[0.175s] -- Detecting CXX compiler ABI info - done
[0.183s] -- Check for working CXX compiler: /usr/bin/c++ - skipped
[0.183s] -- Detecting CXX compile features
[0.184s] -- Detecting CXX compile features - done
[0.188s] -- Found ament_cmake: 1.3.10 (/opt/ros/humble/share/ament_cmake/cmake)
[0.352s] -- Found Python3: /usr/bin/python3 (found version "3.10.12") found components: Interpreter 
[0.419s] -- Override CMake install command with custom implementation using symlinks instead of copying resources
[0.448s] -- Found hardware_interface: 2.43.1 (/opt/ros/humble/share/hardware_interface/cmake)
[0.492s] -- Found rosidl_generator_c: 3.1.5 (/opt/ros/humble/share/rosidl_generator_c/cmake)
[0.499s] -- Found rosidl_adapter: 3.1.5 (/opt/ros/humble/share/rosidl_adapter/cmake)
[0.510s] -- Found rosidl_generator_cpp: 3.1.5 (/opt/ros/humble/share/rosidl_generator_cpp/cmake)
[0.524s] -- Using all available rosidl_typesupport_c: rosidl_typesupport_fastrtps_c;rosidl_typesupport_introspection_c
[0.543s] -- Using all available rosidl_typesupport_cpp: rosidl_typesupport_fastrtps_cpp;rosidl_typesupport_introspection_cpp
[0.779s] -- Found rmw_implementation_cmake: 6.1.2 (/opt/ros/humble/share/rmw_implementation_cmake/cmake)
[0.782s] -- Found rmw_fastrtps_cpp: 6.2.7 (/opt/ros/humble/share/rmw_fastrtps_cpp/cmake)
[0.812s] -- Found TinyXML2 via Config file: TinyXML2_DIR-NOTFOUND
[0.871s] -- Found OpenSSL: /usr/lib/x86_64-linux-gnu/libcrypto.so (found version "3.0.2")  
[0.875s] -- Found TinyXML2 via Config file: TinyXML2_DIR-NOTFOUND
[0.892s] -- Found FastRTPS: /opt/ros/humble/include  
[0.896s] -- Found TinyXML2 via Config file: TinyXML2_DIR-NOTFOUND
[0.906s] -- Found TinyXML2 via Config file: TinyXML2_DIR-NOTFOUND
[0.918s] -- Using RMW implementation 'rmw_fastrtps_cpp' as default
[0.928s] -- Looking for C++ include pthread.h
[1.026s] -- Looking for C++ include pthread.h - found
[1.026s] -- Performing Test CMAKE_HAVE_LIBC_PTHREAD
[1.128s] -- Performing Test CMAKE_HAVE_LIBC_PTHREAD - Success
[1.129s] -- Found Threads: TRUE  
[1.186s] [31mCMake Error at /opt/ros/humble/share/pluginlib/cmake/pluginlib_export_plugin_description_file.cmake:84 (message):
[1.187s]   Given plugin description file
[1.187s]   '/home/kuba/control_ws/src/teleop_robot/bot/carlikebot.xml' does not exist
[1.187s] Call Stack (most recent call first):
[1.187s]   CMakeLists.txt:43 (pluginlib_export_plugin_description_file)
[1.187s] 
[1.187s] [0m
[1.187s] -- Configuring incomplete, errors occurred!
[1.187s] See also "/home/kuba/control_ws/src/teleop_robot/build/carlikebot/CMakeFiles/CMakeOutput.log".
[1.196s] Invoked command in '/home/kuba/control_ws/src/teleop_robot/build/carlikebot' returned '1': AMENT_PREFIX_PATH=/home/kuba/control_ws/src/teleop_robot/install/ros2_control_demo_description:${AMENT_PREFIX_PATH} CMAKE_PREFIX_PATH=/home/kuba/control_ws/src/teleop_robot/install/ros2_control_demo_description:/home/kuba/control_ws/install/ros2_control_demos:/home/kuba/control_ws/install/ros2_control_demo_example_11:/home/kuba/control_ws/install/ros2_control_demo_description:/opt/ros/humble /usr/bin/cmake /home/kuba/control_ws/src/teleop_robot/bot -DAMENT_CMAKE_SYMLINK_INSTALL=1 -DCMAKE_INSTALL_PREFIX=/home/kuba/control_ws/src/teleop_robot/install/carlikebot
