[0.132s] DEBUG:colcon:Command line arguments: ['/usr/bin/colcon', 'build', '--symlink-install']
[0.132s] DEBUG:colcon:Parsed command line arguments: Namespace(log_base=None, log_level=None, verb_name='build', build_base='build', install_base='install', merge_install=False, symlink_install=True, test_result_base=None, continue_on_error=False, executor='parallel', parallel_workers=8, event_handlers=None, ignore_user_meta=False, metas=['./colcon.meta'], base_paths=['.'], packages_ignore=None, packages_ignore_regex=None, paths=None, packages_up_to=None, packages_up_to_regex=None, packages_above=None, packages_above_and_dependencies=None, packages_above_depth=None, packages_select_by_dep=None, packages_skip_by_dep=None, packages_skip_up_to=None, packages_select_build_failed=False, packages_skip_build_finished=False, packages_select_test_failures=False, packages_skip_test_passed=False, packages_select=None, packages_skip=None, packages_select_regex=None, packages_skip_regex=None, packages_start=None, packages_end=None, allow_overriding=[], cmake_args=None, cmake_target=None, cmake_target_skip_unavailable=False, cmake_clean_cache=False, cmake_clean_first=False, cmake_force_configure=False, ament_cmake_args=None, catkin_cmake_args=None, catkin_skip_building_tests=False, mixin_files=None, mixin=None, verb_parser=<colcon_mixin.mixin.mixin_argument.MixinArgumentDecorator object at 0x790c652b6ce0>, verb_extension=<colcon_core.verb.build.BuildVerb object at 0x790c652b6740>, main=<bound method BuildVerb.main of <colcon_core.verb.build.BuildVerb object at 0x790c652b6740>>, mixin_verb=('build',))
[0.354s] Level 1:colcon.colcon_core.package_discovery:discover_packages(colcon_meta) check parameters
[0.354s] Level 1:colcon.colcon_core.package_discovery:discover_packages(recursive) check parameters
[0.354s] Level 1:colcon.colcon_core.package_discovery:discover_packages(ignore) check parameters
[0.354s] Level 1:colcon.colcon_core.package_discovery:discover_packages(path) check parameters
[0.354s] Level 1:colcon.colcon_core.package_discovery:discover_packages(colcon_meta) discover
[0.354s] Level 1:colcon.colcon_core.package_discovery:discover_packages(recursive) discover
[0.355s] INFO:colcon.colcon_core.package_discovery:Crawling recursively for packages in '/home/kuba/control_ws/src/teleop_robot'
[0.355s] Level 1:colcon.colcon_core.package_identification:_identify(.) by extensions ['ignore', 'ignore_ament_install']
[0.355s] Level 1:colcon.colcon_core.package_identification:_identify(.) by extension 'ignore'
[0.355s] Level 1:colcon.colcon_core.package_identification:_identify(.) by extension 'ignore_ament_install'
[0.355s] Level 1:colcon.colcon_core.package_identification:_identify(.) by extensions ['colcon_pkg']
[0.355s] Level 1:colcon.colcon_core.package_identification:_identify(.) by extension 'colcon_pkg'
[0.355s] Level 1:colcon.colcon_core.package_identification:_identify(.) by extensions ['colcon_meta']
[0.355s] Level 1:colcon.colcon_core.package_identification:_identify(.) by extension 'colcon_meta'
[0.355s] Level 1:colcon.colcon_core.package_identification:_identify(.) by extensions ['ros']
[0.355s] Level 1:colcon.colcon_core.package_identification:_identify(.) by extension 'ros'
[0.367s] Level 1:colcon.colcon_core.package_identification:_identify(.) by extensions ['cmake', 'python']
[0.367s] Level 1:colcon.colcon_core.package_identification:_identify(.) by extension 'cmake'
[0.368s] Level 1:colcon.colcon_core.package_identification:_identify(.) by extension 'python'
[0.368s] Level 1:colcon.colcon_core.package_identification:_identify(.) by extensions ['python_setup_py']
[0.368s] Level 1:colcon.colcon_core.package_identification:_identify(.) by extension 'python_setup_py'
[0.368s] Level 1:colcon.colcon_core.package_identification:_identify(bot) by extensions ['ignore', 'ignore_ament_install']
[0.368s] Level 1:colcon.colcon_core.package_identification:_identify(bot) by extension 'ignore'
[0.368s] Level 1:colcon.colcon_core.package_identification:_identify(bot) by extension 'ignore_ament_install'
[0.368s] Level 1:colcon.colcon_core.package_identification:_identify(bot) by extensions ['colcon_pkg']
[0.368s] Level 1:colcon.colcon_core.package_identification:_identify(bot) by extension 'colcon_pkg'
[0.368s] Level 1:colcon.colcon_core.package_identification:_identify(bot) by extensions ['colcon_meta']
[0.368s] Level 1:colcon.colcon_core.package_identification:_identify(bot) by extension 'colcon_meta'
[0.368s] Level 1:colcon.colcon_core.package_identification:_identify(bot) by extensions ['ros']
[0.368s] Level 1:colcon.colcon_core.package_identification:_identify(bot) by extension 'ros'
[0.372s] DEBUG:colcon.colcon_core.package_identification:Package 'bot' with type 'ros.ament_cmake' and name 'carlikebot'
[0.372s] Level 1:colcon.colcon_core.package_identification:_identify(build) by extensions ['ignore', 'ignore_ament_install']
[0.372s] Level 1:colcon.colcon_core.package_identification:_identify(build) by extension 'ignore'
[0.372s] Level 1:colcon.colcon_core.package_identification:_identify(build) ignored
[0.372s] Level 1:colcon.colcon_core.package_identification:_identify(demos) by extensions ['ignore', 'ignore_ament_install']
[0.373s] Level 1:colcon.colcon_core.package_identification:_identify(demos) by extension 'ignore'
[0.373s] Level 1:colcon.colcon_core.package_identification:_identify(demos) by extension 'ignore_ament_install'
[0.373s] Level 1:colcon.colcon_core.package_identification:_identify(demos) by extensions ['colcon_pkg']
[0.373s] Level 1:colcon.colcon_core.package_identification:_identify(demos) by extension 'colcon_pkg'
[0.373s] Level 1:colcon.colcon_core.package_identification:_identify(demos) by extensions ['colcon_meta']
[0.373s] Level 1:colcon.colcon_core.package_identification:_identify(demos) by extension 'colcon_meta'
[0.373s] Level 1:colcon.colcon_core.package_identification:_identify(demos) by extensions ['ros']
[0.373s] Level 1:colcon.colcon_core.package_identification:_identify(demos) by extension 'ros'
[0.373s] DEBUG:colcon.colcon_core.package_identification:Package 'demos' with type 'ros.ament_cmake' and name 'ros2_control_demos'
[0.374s] Level 1:colcon.colcon_core.package_identification:_identify(description) by extensions ['ignore', 'ignore_ament_install']
[0.374s] Level 1:colcon.colcon_core.package_identification:_identify(description) by extension 'ignore'
[0.374s] Level 1:colcon.colcon_core.package_identification:_identify(description) by extension 'ignore_ament_install'
[0.374s] Level 1:colcon.colcon_core.package_identification:_identify(description) by extensions ['colcon_pkg']
[0.374s] Level 1:colcon.colcon_core.package_identification:_identify(description) by extension 'colcon_pkg'
[0.374s] Level 1:colcon.colcon_core.package_identification:_identify(description) by extensions ['colcon_meta']
[0.374s] Level 1:colcon.colcon_core.package_identification:_identify(description) by extension 'colcon_meta'
[0.374s] Level 1:colcon.colcon_core.package_identification:_identify(description) by extensions ['ros']
[0.374s] Level 1:colcon.colcon_core.package_identification:_identify(description) by extension 'ros'
[0.374s] DEBUG:colcon.colcon_core.package_identification:Package 'description' with type 'ros.ament_cmake' and name 'ros2_control_demo_description'
[0.375s] Level 1:colcon.colcon_core.package_identification:_identify(install) by extensions ['ignore', 'ignore_ament_install']
[0.375s] Level 1:colcon.colcon_core.package_identification:_identify(install) by extension 'ignore'
[0.375s] Level 1:colcon.colcon_core.package_identification:_identify(install) ignored
[0.375s] Level 1:colcon.colcon_core.package_identification:_identify(log) by extensions ['ignore', 'ignore_ament_install']
[0.375s] Level 1:colcon.colcon_core.package_identification:_identify(log) by extension 'ignore'
[0.375s] Level 1:colcon.colcon_core.package_identification:_identify(log) ignored
[0.375s] Level 1:colcon.colcon_core.package_discovery:discover_packages(recursive) using defaults
[0.375s] Level 1:colcon.colcon_core.package_discovery:discover_packages(ignore) discover
[0.375s] Level 1:colcon.colcon_core.package_discovery:discover_packages(ignore) using defaults
[0.375s] Level 1:colcon.colcon_core.package_discovery:discover_packages(path) discover
[0.375s] Level 1:colcon.colcon_core.package_discovery:discover_packages(path) using defaults
[0.408s] Level 1:colcon.colcon_core.package_discovery:discover_packages(prefix_path) check parameters
[0.408s] Level 1:colcon.colcon_core.package_discovery:discover_packages(prefix_path) discover
[0.412s] DEBUG:colcon.colcon_installed_package_information.package_discovery:Found 334 installed packages in /opt/ros/humble
[0.414s] Level 1:colcon.colcon_core.package_discovery:discover_packages(prefix_path) using defaults
[0.470s] Level 5:colcon.colcon_core.verb:set package 'ros2_control_demo_description' build argument 'cmake_args' from command line to 'None'
[0.470s] Level 5:colcon.colcon_core.verb:set package 'ros2_control_demo_description' build argument 'cmake_target' from command line to 'None'
[0.471s] Level 5:colcon.colcon_core.verb:set package 'ros2_control_demo_description' build argument 'cmake_target_skip_unavailable' from command line to 'False'
[0.471s] Level 5:colcon.colcon_core.verb:set package 'ros2_control_demo_description' build argument 'cmake_clean_cache' from command line to 'False'
[0.471s] Level 5:colcon.colcon_core.verb:set package 'ros2_control_demo_description' build argument 'cmake_clean_first' from command line to 'False'
[0.471s] Level 5:colcon.colcon_core.verb:set package 'ros2_control_demo_description' build argument 'cmake_force_configure' from command line to 'False'
[0.471s] Level 5:colcon.colcon_core.verb:set package 'ros2_control_demo_description' build argument 'ament_cmake_args' from command line to 'None'
[0.471s] Level 5:colcon.colcon_core.verb:set package 'ros2_control_demo_description' build argument 'catkin_cmake_args' from command line to 'None'
[0.471s] Level 5:colcon.colcon_core.verb:set package 'ros2_control_demo_description' build argument 'catkin_skip_building_tests' from command line to 'False'
[0.471s] DEBUG:colcon.colcon_core.verb:Building package 'ros2_control_demo_description' with the following arguments: {'ament_cmake_args': None, 'build_base': '/home/kuba/control_ws/src/teleop_robot/build/ros2_control_demo_description', 'catkin_cmake_args': None, 'catkin_skip_building_tests': False, 'cmake_args': None, 'cmake_clean_cache': False, 'cmake_clean_first': False, 'cmake_force_configure': False, 'cmake_target': None, 'cmake_target_skip_unavailable': False, 'install_base': '/home/kuba/control_ws/src/teleop_robot/install/ros2_control_demo_description', 'merge_install': False, 'path': '/home/kuba/control_ws/src/teleop_robot/description', 'symlink_install': True, 'test_result_base': None}
[0.472s] Level 5:colcon.colcon_core.verb:set package 'carlikebot' build argument 'cmake_args' from command line to 'None'
[0.472s] Level 5:colcon.colcon_core.verb:set package 'carlikebot' build argument 'cmake_target' from command line to 'None'
[0.472s] Level 5:colcon.colcon_core.verb:set package 'carlikebot' build argument 'cmake_target_skip_unavailable' from command line to 'False'
[0.472s] Level 5:colcon.colcon_core.verb:set package 'carlikebot' build argument 'cmake_clean_cache' from command line to 'False'
[0.472s] Level 5:colcon.colcon_core.verb:set package 'carlikebot' build argument 'cmake_clean_first' from command line to 'False'
[0.472s] Level 5:colcon.colcon_core.verb:set package 'carlikebot' build argument 'cmake_force_configure' from command line to 'False'
[0.472s] Level 5:colcon.colcon_core.verb:set package 'carlikebot' build argument 'ament_cmake_args' from command line to 'None'
[0.472s] Level 5:colcon.colcon_core.verb:set package 'carlikebot' build argument 'catkin_cmake_args' from command line to 'None'
[0.472s] Level 5:colcon.colcon_core.verb:set package 'carlikebot' build argument 'catkin_skip_building_tests' from command line to 'False'
[0.472s] DEBUG:colcon.colcon_core.verb:Building package 'carlikebot' with the following arguments: {'ament_cmake_args': None, 'build_base': '/home/kuba/control_ws/src/teleop_robot/build/carlikebot', 'catkin_cmake_args': None, 'catkin_skip_building_tests': False, 'cmake_args': None, 'cmake_clean_cache': False, 'cmake_clean_first': False, 'cmake_force_configure': False, 'cmake_target': None, 'cmake_target_skip_unavailable': False, 'install_base': '/home/kuba/control_ws/src/teleop_robot/install/carlikebot', 'merge_install': False, 'path': '/home/kuba/control_ws/src/teleop_robot/bot', 'symlink_install': True, 'test_result_base': None}
[0.473s] Level 5:colcon.colcon_core.verb:set package 'ros2_control_demos' build argument 'cmake_args' from command line to 'None'
[0.473s] Level 5:colcon.colcon_core.verb:set package 'ros2_control_demos' build argument 'cmake_target' from command line to 'None'
[0.473s] Level 5:colcon.colcon_core.verb:set package 'ros2_control_demos' build argument 'cmake_target_skip_unavailable' from command line to 'False'
[0.473s] Level 5:colcon.colcon_core.verb:set package 'ros2_control_demos' build argument 'cmake_clean_cache' from command line to 'False'
[0.473s] Level 5:colcon.colcon_core.verb:set package 'ros2_control_demos' build argument 'cmake_clean_first' from command line to 'False'
[0.473s] Level 5:colcon.colcon_core.verb:set package 'ros2_control_demos' build argument 'cmake_force_configure' from command line to 'False'
[0.473s] Level 5:colcon.colcon_core.verb:set package 'ros2_control_demos' build argument 'ament_cmake_args' from command line to 'None'
[0.473s] Level 5:colcon.colcon_core.verb:set package 'ros2_control_demos' build argument 'catkin_cmake_args' from command line to 'None'
[0.473s] Level 5:colcon.colcon_core.verb:set package 'ros2_control_demos' build argument 'catkin_skip_building_tests' from command line to 'False'
[0.473s] DEBUG:colcon.colcon_core.verb:Building package 'ros2_control_demos' with the following arguments: {'ament_cmake_args': None, 'build_base': '/home/kuba/control_ws/src/teleop_robot/build/ros2_control_demos', 'catkin_cmake_args': None, 'catkin_skip_building_tests': False, 'cmake_args': None, 'cmake_clean_cache': False, 'cmake_clean_first': False, 'cmake_force_configure': False, 'cmake_target': None, 'cmake_target_skip_unavailable': False, 'install_base': '/home/kuba/control_ws/src/teleop_robot/install/ros2_control_demos', 'merge_install': False, 'path': '/home/kuba/control_ws/src/teleop_robot/demos', 'symlink_install': True, 'test_result_base': None}
[0.473s] INFO:colcon.colcon_core.executor:Executing jobs using 'parallel' executor
[0.474s] DEBUG:colcon.colcon_parallel_executor.executor.parallel:run_until_complete
[0.475s] INFO:colcon.colcon_ros.task.ament_cmake.build:Building ROS package in '/home/kuba/control_ws/src/teleop_robot/description' with build type 'ament_cmake'
[0.475s] INFO:colcon.colcon_cmake.task.cmake.build:Building CMake package in '/home/kuba/control_ws/src/teleop_robot/description'
[0.478s] INFO:colcon.colcon_core.plugin_system:Skipping extension 'colcon_core.shell.bat': Not used on non-Windows systems
[0.478s] INFO:colcon.colcon_core.shell:Skip shell extension 'powershell' for command environment: Not usable outside of PowerShell
[0.478s] DEBUG:colcon.colcon_core.shell:Skip shell extension 'dsv' for command environment
[0.492s] DEBUG:colcon.colcon_core.event_handler.log_command:Invoking command in '/home/kuba/control_ws/src/teleop_robot/build/ros2_control_demo_description': CMAKE_PREFIX_PATH=/opt/ros/humble /usr/bin/cmake --build /home/kuba/control_ws/src/teleop_robot/build/ros2_control_demo_description -- -j8 -l8
[0.542s] DEBUG:colcon.colcon_core.event_handler.log_command:Invoked command in '/home/kuba/control_ws/src/teleop_robot/build/ros2_control_demo_description' returned '0': CMAKE_PREFIX_PATH=/opt/ros/humble /usr/bin/cmake --build /home/kuba/control_ws/src/teleop_robot/build/ros2_control_demo_description -- -j8 -l8
[0.583s] DEBUG:colcon.colcon_core.event_handler.log_command:Invoking command in '/home/kuba/control_ws/src/teleop_robot/build/ros2_control_demo_description': CMAKE_PREFIX_PATH=/opt/ros/humble /usr/bin/cmake --install /home/kuba/control_ws/src/teleop_robot/build/ros2_control_demo_description
[0.608s] Level 1:colcon.colcon_core.environment:create_environment_scripts_only(ros2_control_demo_description)
[0.609s] DEBUG:colcon.colcon_core.event_handler.log_command:Invoked command in '/home/kuba/control_ws/src/teleop_robot/build/ros2_control_demo_description' returned '0': CMAKE_PREFIX_PATH=/opt/ros/humble /usr/bin/cmake --install /home/kuba/control_ws/src/teleop_robot/build/ros2_control_demo_description
[0.613s] Level 1:colcon.colcon_core.environment:checking '/home/kuba/control_ws/src/teleop_robot/install/ros2_control_demo_description' for CMake module files
[0.614s] Level 1:colcon.colcon_core.environment:checking '/home/kuba/control_ws/src/teleop_robot/install/ros2_control_demo_description' for CMake config files
[0.614s] Level 1:colcon.colcon_core.shell:create_environment_hook('ros2_control_demo_description', 'cmake_prefix_path')
[0.615s] INFO:colcon.colcon_core.shell:Creating environment hook '/home/kuba/control_ws/src/teleop_robot/install/ros2_control_demo_description/share/ros2_control_demo_description/hook/cmake_prefix_path.ps1'
[0.616s] INFO:colcon.colcon_core.shell:Creating environment descriptor '/home/kuba/control_ws/src/teleop_robot/install/ros2_control_demo_description/share/ros2_control_demo_description/hook/cmake_prefix_path.dsv'
[0.616s] INFO:colcon.colcon_core.shell:Creating environment hook '/home/kuba/control_ws/src/teleop_robot/install/ros2_control_demo_description/share/ros2_control_demo_description/hook/cmake_prefix_path.sh'
[0.618s] Level 1:colcon.colcon_core.environment:checking '/home/kuba/control_ws/src/teleop_robot/install/ros2_control_demo_description/bin'
[0.618s] Level 1:colcon.colcon_core.environment:checking '/home/kuba/control_ws/src/teleop_robot/install/ros2_control_demo_description/lib/pkgconfig/ros2_control_demo_description.pc'
[0.618s] Level 1:colcon.colcon_core.environment:checking '/home/kuba/control_ws/src/teleop_robot/install/ros2_control_demo_description/lib/python3.10/site-packages'
[0.619s] Level 1:colcon.colcon_core.environment:checking '/home/kuba/control_ws/src/teleop_robot/install/ros2_control_demo_description/bin'
[0.619s] INFO:colcon.colcon_core.shell:Creating package script '/home/kuba/control_ws/src/teleop_robot/install/ros2_control_demo_description/share/ros2_control_demo_description/package.ps1'
[0.620s] INFO:colcon.colcon_core.shell:Creating package descriptor '/home/kuba/control_ws/src/teleop_robot/install/ros2_control_demo_description/share/ros2_control_demo_description/package.dsv'
[0.621s] INFO:colcon.colcon_core.shell:Creating package script '/home/kuba/control_ws/src/teleop_robot/install/ros2_control_demo_description/share/ros2_control_demo_description/package.sh'
[0.622s] INFO:colcon.colcon_core.shell:Creating package script '/home/kuba/control_ws/src/teleop_robot/install/ros2_control_demo_description/share/ros2_control_demo_description/package.bash'
[0.624s] INFO:colcon.colcon_core.shell:Creating package script '/home/kuba/control_ws/src/teleop_robot/install/ros2_control_demo_description/share/ros2_control_demo_description/package.zsh'
[0.625s] Level 1:colcon.colcon_core.environment:create_file_with_runtime_dependencies(/home/kuba/control_ws/src/teleop_robot/install/ros2_control_demo_description/share/colcon-core/packages/ros2_control_demo_description)
[0.649s] Level 1:colcon.colcon_core.environment:create_environment_scripts_only(ros2_control_demo_description)
[0.650s] Level 1:colcon.colcon_core.environment:checking '/home/kuba/control_ws/src/teleop_robot/install/ros2_control_demo_description' for CMake module files
[0.650s] Level 1:colcon.colcon_core.environment:checking '/home/kuba/control_ws/src/teleop_robot/install/ros2_control_demo_description' for CMake config files
[0.651s] Level 1:colcon.colcon_core.shell:create_environment_hook('ros2_control_demo_description', 'cmake_prefix_path')
[0.651s] INFO:colcon.colcon_core.shell:Creating environment hook '/home/kuba/control_ws/src/teleop_robot/install/ros2_control_demo_description/share/ros2_control_demo_description/hook/cmake_prefix_path.ps1'
[0.652s] INFO:colcon.colcon_core.shell:Creating environment descriptor '/home/kuba/control_ws/src/teleop_robot/install/ros2_control_demo_description/share/ros2_control_demo_description/hook/cmake_prefix_path.dsv'
[0.652s] INFO:colcon.colcon_core.shell:Creating environment hook '/home/kuba/control_ws/src/teleop_robot/install/ros2_control_demo_description/share/ros2_control_demo_description/hook/cmake_prefix_path.sh'
[0.652s] Level 1:colcon.colcon_core.environment:checking '/home/kuba/control_ws/src/teleop_robot/install/ros2_control_demo_description/bin'
[0.653s] Level 1:colcon.colcon_core.environment:checking '/home/kuba/control_ws/src/teleop_robot/install/ros2_control_demo_description/lib/pkgconfig/ros2_control_demo_description.pc'
[0.653s] Level 1:colcon.colcon_core.environment:checking '/home/kuba/control_ws/src/teleop_robot/install/ros2_control_demo_description/lib/python3.10/site-packages'
[0.653s] Level 1:colcon.colcon_core.environment:checking '/home/kuba/control_ws/src/teleop_robot/install/ros2_control_demo_description/bin'
[0.654s] INFO:colcon.colcon_core.shell:Creating package script '/home/kuba/control_ws/src/teleop_robot/install/ros2_control_demo_description/share/ros2_control_demo_description/package.ps1'
[0.654s] INFO:colcon.colcon_core.shell:Creating package descriptor '/home/kuba/control_ws/src/teleop_robot/install/ros2_control_demo_description/share/ros2_control_demo_description/package.dsv'
[0.655s] INFO:colcon.colcon_core.shell:Creating package script '/home/kuba/control_ws/src/teleop_robot/install/ros2_control_demo_description/share/ros2_control_demo_description/package.sh'
[0.655s] INFO:colcon.colcon_core.shell:Creating package script '/home/kuba/control_ws/src/teleop_robot/install/ros2_control_demo_description/share/ros2_control_demo_description/package.bash'
[0.656s] INFO:colcon.colcon_core.shell:Creating package script '/home/kuba/control_ws/src/teleop_robot/install/ros2_control_demo_description/share/ros2_control_demo_description/package.zsh'
[0.656s] Level 1:colcon.colcon_core.environment:create_file_with_runtime_dependencies(/home/kuba/control_ws/src/teleop_robot/install/ros2_control_demo_description/share/colcon-core/packages/ros2_control_demo_description)
[0.656s] INFO:colcon.colcon_ros.task.ament_cmake.build:Building ROS package in '/home/kuba/control_ws/src/teleop_robot/bot' with build type 'ament_cmake'
[0.656s] INFO:colcon.colcon_cmake.task.cmake.build:Building CMake package in '/home/kuba/control_ws/src/teleop_robot/bot'
[0.657s] INFO:colcon.colcon_core.shell:Skip shell extension 'powershell' for command environment: Not usable outside of PowerShell
[0.657s] DEBUG:colcon.colcon_core.shell:Skip shell extension 'dsv' for command environment
[0.668s] DEBUG:colcon.colcon_core.event_handler.log_command:Invoking command in '/home/kuba/control_ws/src/teleop_robot/build/carlikebot': AMENT_PREFIX_PATH=/home/kuba/control_ws/src/teleop_robot/install/ros2_control_demo_description:${AMENT_PREFIX_PATH} CMAKE_PREFIX_PATH=/home/kuba/control_ws/src/teleop_robot/install/ros2_control_demo_description:/opt/ros/humble /usr/bin/cmake /home/kuba/control_ws/src/teleop_robot/bot -DAMENT_CMAKE_SYMLINK_INSTALL=1 -DCMAKE_INSTALL_PREFIX=/home/kuba/control_ws/src/teleop_robot/install/carlikebot
[1.260s] DEBUG:colcon.colcon_core.event_handler.log_command:Invoked command in '/home/kuba/control_ws/src/teleop_robot/build/carlikebot' returned '1': AMENT_PREFIX_PATH=/home/kuba/control_ws/src/teleop_robot/install/ros2_control_demo_description:${AMENT_PREFIX_PATH} CMAKE_PREFIX_PATH=/home/kuba/control_ws/src/teleop_robot/install/ros2_control_demo_description:/opt/ros/humble /usr/bin/cmake /home/kuba/control_ws/src/teleop_robot/bot -DAMENT_CMAKE_SYMLINK_INSTALL=1 -DCMAKE_INSTALL_PREFIX=/home/kuba/control_ws/src/teleop_robot/install/carlikebot
[1.273s] Level 1:colcon.colcon_core.environment:create_environment_scripts_only(carlikebot)
[1.273s] Level 1:colcon.colcon_core.environment:checking '/home/kuba/control_ws/src/teleop_robot/install/carlikebot' for CMake module files
[1.274s] Level 1:colcon.colcon_core.environment:checking '/home/kuba/control_ws/src/teleop_robot/install/carlikebot' for CMake config files
[1.274s] Level 1:colcon.colcon_core.environment:checking '/home/kuba/control_ws/src/teleop_robot/install/carlikebot/bin'
[1.274s] Level 1:colcon.colcon_core.environment:checking '/home/kuba/control_ws/src/teleop_robot/install/carlikebot/lib/pkgconfig/carlikebot.pc'
[1.275s] Level 1:colcon.colcon_core.environment:checking '/home/kuba/control_ws/src/teleop_robot/install/carlikebot/lib/python3.10/site-packages'
[1.275s] Level 1:colcon.colcon_core.environment:checking '/home/kuba/control_ws/src/teleop_robot/install/carlikebot/bin'
[1.275s] INFO:colcon.colcon_core.shell:Creating package script '/home/kuba/control_ws/src/teleop_robot/install/carlikebot/share/carlikebot/package.ps1'
[1.276s] INFO:colcon.colcon_core.shell:Creating package descriptor '/home/kuba/control_ws/src/teleop_robot/install/carlikebot/share/carlikebot/package.dsv'
[1.276s] INFO:colcon.colcon_core.shell:Creating package script '/home/kuba/control_ws/src/teleop_robot/install/carlikebot/share/carlikebot/package.sh'
[1.277s] INFO:colcon.colcon_core.shell:Creating package script '/home/kuba/control_ws/src/teleop_robot/install/carlikebot/share/carlikebot/package.bash'
[1.277s] INFO:colcon.colcon_core.shell:Creating package script '/home/kuba/control_ws/src/teleop_robot/install/carlikebot/share/carlikebot/package.zsh'
[1.277s] Level 1:colcon.colcon_core.environment:create_file_with_runtime_dependencies(/home/kuba/control_ws/src/teleop_robot/install/carlikebot/share/colcon-core/packages/carlikebot)
[1.278s] DEBUG:colcon.colcon_parallel_executor.executor.parallel:closing loop
[1.278s] DEBUG:colcon.colcon_parallel_executor.executor.parallel:loop closed
[1.278s] DEBUG:colcon.colcon_parallel_executor.executor.parallel:run_until_complete finished with '1'
[1.278s] DEBUG:colcon.colcon_core.event_reactor:joining thread
[1.284s] INFO:colcon.colcon_core.plugin_system:Skipping extension 'colcon_notification.desktop_notification.terminal_notifier': Not used on non-Darwin systems
[1.285s] INFO:colcon.colcon_core.plugin_system:Skipping extension 'colcon_notification.desktop_notification.win32': Not used on non-Windows systems
[1.285s] INFO:colcon.colcon_notification.desktop_notification:Sending desktop notification using 'notify2'
[1.296s] DEBUG:colcon.colcon_core.event_reactor:joined thread
[1.296s] INFO:colcon.colcon_core.shell:Creating prefix script '/home/kuba/control_ws/src/teleop_robot/install/local_setup.ps1'
[1.297s] INFO:colcon.colcon_core.shell:Creating prefix util module '/home/kuba/control_ws/src/teleop_robot/install/_local_setup_util_ps1.py'
[1.299s] INFO:colcon.colcon_core.shell:Creating prefix chain script '/home/kuba/control_ws/src/teleop_robot/install/setup.ps1'
[1.301s] INFO:colcon.colcon_core.shell:Creating prefix script '/home/kuba/control_ws/src/teleop_robot/install/local_setup.sh'
[1.301s] INFO:colcon.colcon_core.shell:Creating prefix util module '/home/kuba/control_ws/src/teleop_robot/install/_local_setup_util_sh.py'
[1.302s] INFO:colcon.colcon_core.shell:Creating prefix chain script '/home/kuba/control_ws/src/teleop_robot/install/setup.sh'
[1.304s] INFO:colcon.colcon_core.shell:Creating prefix script '/home/kuba/control_ws/src/teleop_robot/install/local_setup.bash'
[1.306s] INFO:colcon.colcon_core.shell:Creating prefix chain script '/home/kuba/control_ws/src/teleop_robot/install/setup.bash'
[1.307s] INFO:colcon.colcon_core.shell:Creating prefix script '/home/kuba/control_ws/src/teleop_robot/install/local_setup.zsh'
[1.307s] INFO:colcon.colcon_core.shell:Creating prefix chain script '/home/kuba/control_ws/src/teleop_robot/install/setup.zsh'
