[0.013s] Invoking command in '/home/kuba/control_ws/src/teleop_robot/build/ros2_control_demos': AMENT_PREFIX_PATH=/home/kuba/control_ws/src/teleop_robot/install/carlikebot:/home/kuba/control_ws/src/teleop_robot/install/ros2_control_demo_description:${AMENT_PREFIX_PATH} CMAKE_PREFIX_PATH=/home/kuba/control_ws/src/teleop_robot/install/carlikebot:/home/kuba/control_ws/src/teleop_robot/install/ros2_control_demo_description:/opt/ros/humble LD_LIBRARY_PATH=/home/kuba/control_ws/src/teleop_robot/install/carlikebot/lib:${LD_LIBRARY_PATH} /usr/bin/cmake /home/kuba/control_ws/src/teleop_robot/demos -DAMENT_CMAKE_SYMLINK_INSTALL=1 -DCMAKE_INSTALL_PREFIX=/home/kuba/control_ws/src/teleop_robot/install/ros2_control_demos
[0.070s] -- The C compiler identification is GNU 11.4.0
[0.136s] -- The CXX compiler identification is GNU 11.4.0
[0.144s] -- Detecting C compiler ABI info
[0.220s] -- Detecting C compiler ABI info - done
[0.232s] -- Check for working C compiler: /usr/bin/cc - skipped
[0.232s] -- Detecting C compile features
[0.232s] -- Detecting C compile features - done
[0.237s] -- Detecting CXX compiler ABI info
[0.324s] -- Detecting CXX compiler ABI info - done
[0.332s] -- Check for working CXX compiler: /usr/bin/c++ - skipped
[0.332s] -- Detecting CXX compile features
[0.333s] -- Detecting CXX compile features - done
[0.336s] -- Found ament_cmake: 1.3.10 (/opt/ros/humble/share/ament_cmake/cmake)
[0.501s] -- Found Python3: /usr/bin/python3 (found version "3.10.12") found components: Interpreter 
[0.567s] -- Override CMake install command with custom implementation using symlinks instead of copying resources
[0.668s] -- Configuring done
[0.671s] -- Generating done
[0.672s] -- Build files have been written to: /home/kuba/control_ws/src/teleop_robot/build/ros2_control_demos
[0.678s] Invoked command in '/home/kuba/control_ws/src/teleop_robot/build/ros2_control_demos' returned '0': AMENT_PREFIX_PATH=/home/kuba/control_ws/src/teleop_robot/install/carlikebot:/home/kuba/control_ws/src/teleop_robot/install/ros2_control_demo_description:${AMENT_PREFIX_PATH} CMAKE_PREFIX_PATH=/home/kuba/control_ws/src/teleop_robot/install/carlikebot:/home/kuba/control_ws/src/teleop_robot/install/ros2_control_demo_description:/opt/ros/humble LD_LIBRARY_PATH=/home/kuba/control_ws/src/teleop_robot/install/carlikebot/lib:${LD_LIBRARY_PATH} /usr/bin/cmake /home/kuba/control_ws/src/teleop_robot/demos -DAMENT_CMAKE_SYMLINK_INSTALL=1 -DCMAKE_INSTALL_PREFIX=/home/kuba/control_ws/src/teleop_robot/install/ros2_control_demos
[0.680s] Invoking command in '/home/kuba/control_ws/src/teleop_robot/build/ros2_control_demos': AMENT_PREFIX_PATH=/home/kuba/control_ws/src/teleop_robot/install/carlikebot:/home/kuba/control_ws/src/teleop_robot/install/ros2_control_demo_description:${AMENT_PREFIX_PATH} CMAKE_PREFIX_PATH=/home/kuba/control_ws/src/teleop_robot/install/carlikebot:/home/kuba/control_ws/src/teleop_robot/install/ros2_control_demo_description:/opt/ros/humble LD_LIBRARY_PATH=/home/kuba/control_ws/src/teleop_robot/install/carlikebot/lib:${LD_LIBRARY_PATH} /usr/bin/cmake --build /home/kuba/control_ws/src/teleop_robot/build/ros2_control_demos -- -j8 -l8
[0.724s] Invoked command in '/home/kuba/control_ws/src/teleop_robot/build/ros2_control_demos' returned '0': AMENT_PREFIX_PATH=/home/kuba/control_ws/src/teleop_robot/install/carlikebot:/home/kuba/control_ws/src/teleop_robot/install/ros2_control_demo_description:${AMENT_PREFIX_PATH} CMAKE_PREFIX_PATH=/home/kuba/control_ws/src/teleop_robot/install/carlikebot:/home/kuba/control_ws/src/teleop_robot/install/ros2_control_demo_description:/opt/ros/humble LD_LIBRARY_PATH=/home/kuba/control_ws/src/teleop_robot/install/carlikebot/lib:${LD_LIBRARY_PATH} /usr/bin/cmake --build /home/kuba/control_ws/src/teleop_robot/build/ros2_control_demos -- -j8 -l8
[0.750s] Invoking command in '/home/kuba/control_ws/src/teleop_robot/build/ros2_control_demos': AMENT_PREFIX_PATH=/home/kuba/control_ws/src/teleop_robot/install/carlikebot:/home/kuba/control_ws/src/teleop_robot/install/ros2_control_demo_description:${AMENT_PREFIX_PATH} CMAKE_PREFIX_PATH=/home/kuba/control_ws/src/teleop_robot/install/carlikebot:/home/kuba/control_ws/src/teleop_robot/install/ros2_control_demo_description:/opt/ros/humble LD_LIBRARY_PATH=/home/kuba/control_ws/src/teleop_robot/install/carlikebot/lib:${LD_LIBRARY_PATH} /usr/bin/cmake --install /home/kuba/control_ws/src/teleop_robot/build/ros2_control_demos
[0.758s] -- Install configuration: ""
[0.758s] -- Execute custom install script
[0.759s] -- Symlinking: /home/kuba/control_ws/src/teleop_robot/install/ros2_control_demos/share/ament_index/resource_index/package_run_dependencies/ros2_control_demos
[0.768s] -- Symlinking: /home/kuba/control_ws/src/teleop_robot/install/ros2_control_demos/share/ament_index/resource_index/parent_prefix_path/ros2_control_demos
[0.778s] -- Symlinking: /home/kuba/control_ws/src/teleop_robot/install/ros2_control_demos/share/ros2_control_demos/environment/ament_prefix_path.sh
[0.788s] -- Symlinking: /home/kuba/control_ws/src/teleop_robot/install/ros2_control_demos/share/ros2_control_demos/environment/ament_prefix_path.dsv
[0.797s] -- Symlinking: /home/kuba/control_ws/src/teleop_robot/install/ros2_control_demos/share/ros2_control_demos/environment/path.sh
[0.808s] -- Symlinking: /home/kuba/control_ws/src/teleop_robot/install/ros2_control_demos/share/ros2_control_demos/environment/path.dsv
[0.817s] -- Symlinking: /home/kuba/control_ws/src/teleop_robot/install/ros2_control_demos/share/ros2_control_demos/local_setup.bash
[0.826s] -- Symlinking: /home/kuba/control_ws/src/teleop_robot/install/ros2_control_demos/share/ros2_control_demos/local_setup.sh
[0.836s] -- Symlinking: /home/kuba/control_ws/src/teleop_robot/install/ros2_control_demos/share/ros2_control_demos/local_setup.zsh
[0.846s] -- Symlinking: /home/kuba/control_ws/src/teleop_robot/install/ros2_control_demos/share/ros2_control_demos/local_setup.dsv
[0.855s] -- Symlinking: /home/kuba/control_ws/src/teleop_robot/install/ros2_control_demos/share/ros2_control_demos/package.dsv
[0.865s] -- Symlinking: /home/kuba/control_ws/src/teleop_robot/install/ros2_control_demos/share/ament_index/resource_index/packages/ros2_control_demos
[0.874s] -- Symlinking: /home/kuba/control_ws/src/teleop_robot/install/ros2_control_demos/share/ros2_control_demos/cmake/ros2_control_demosConfig.cmake
[0.885s] -- Symlinking: /home/kuba/control_ws/src/teleop_robot/install/ros2_control_demos/share/ros2_control_demos/cmake/ros2_control_demosConfig-version.cmake
[0.895s] -- Symlinking: /home/kuba/control_ws/src/teleop_robot/install/ros2_control_demos/share/ros2_control_demos/package.xml
[0.906s] Invoked command in '/home/kuba/control_ws/src/teleop_robot/build/ros2_control_demos' returned '0': AMENT_PREFIX_PATH=/home/kuba/control_ws/src/teleop_robot/install/carlikebot:/home/kuba/control_ws/src/teleop_robot/install/ros2_control_demo_description:${AMENT_PREFIX_PATH} CMAKE_PREFIX_PATH=/home/kuba/control_ws/src/teleop_robot/install/carlikebot:/home/kuba/control_ws/src/teleop_robot/install/ros2_control_demo_description:/opt/ros/humble LD_LIBRARY_PATH=/home/kuba/control_ws/src/teleop_robot/install/carlikebot/lib:${LD_LIBRARY_PATH} /usr/bin/cmake --install /home/kuba/control_ws/src/teleop_robot/build/ros2_control_demos
