[0.010s] Invoking command in '/home/kuba/control_ws/src/teleop_robot/build/carlikebot': AMENT_PREFIX_PATH=/home/kuba/control_ws/src/teleop_robot/install/ros2_control_demo_description:${AMENT_PREFIX_PATH} CMAKE_PREFIX_PATH=/home/kuba/control_ws/src/teleop_robot/install/ros2_control_demo_description:/home/kuba/control_ws/install/ros2_control_demos:/home/kuba/control_ws/install/ros2_control_demo_example_11:/home/kuba/control_ws/install/ros2_control_demo_description:/opt/ros/humble /usr/bin/cmake /home/kuba/control_ws/src/teleop_robot/bot -DAMENT_CMAKE_SYMLINK_INSTALL=1 -DCMAKE_INSTALL_PREFIX=/home/kuba/control_ws/src/teleop_robot/install/carlikebot
[0.022s] -- Found ament_cmake: 1.3.10 (/opt/ros/humble/share/ament_cmake/cmake)
[0.156s] -- Override CMake install command with custom implementation using symlinks instead of copying resources
[0.165s] -- Found hardware_interface: 2.43.1 (/opt/ros/humble/share/hardware_interface/cmake)
[0.197s] -- Found rosidl_generator_c: 3.1.5 (/opt/ros/humble/share/rosidl_generator_c/cmake)
[0.200s] -- Found rosidl_adapter: 3.1.5 (/opt/ros/humble/share/rosidl_adapter/cmake)
[0.208s] -- Found rosidl_generator_cpp: 3.1.5 (/opt/ros/humble/share/rosidl_generator_cpp/cmake)
[0.218s] -- Using all available rosidl_typesupport_c: rosidl_typesupport_fastrtps_c;rosidl_typesupport_introspection_c
[0.233s] -- Using all available rosidl_typesupport_cpp: rosidl_typesupport_fastrtps_cpp;rosidl_typesupport_introspection_cpp
[0.432s] -- Found rmw_implementation_cmake: 6.1.2 (/opt/ros/humble/share/rmw_implementation_cmake/cmake)
[0.433s] -- Found rmw_fastrtps_cpp: 6.2.7 (/opt/ros/humble/share/rmw_fastrtps_cpp/cmake)
[0.457s] -- Found TinyXML2 via Config file: TinyXML2_DIR-NOTFOUND
[0.468s] -- Found TinyXML2 via Config file: TinyXML2_DIR-NOTFOUND
[0.485s] -- Found TinyXML2 via Config file: TinyXML2_DIR-NOTFOUND
[0.493s] -- Found TinyXML2 via Config file: TinyXML2_DIR-NOTFOUND
[0.504s] -- Using RMW implementation 'rmw_fastrtps_cpp' as default
[0.562s] [31mCMake Error at /opt/ros/humble/share/pluginlib/cmake/pluginlib_export_plugin_description_file.cmake:84 (message):
[0.562s]   Given plugin description file
[0.562s]   '/home/kuba/control_ws/src/teleop_robot/bot/carlikebot.xml' does not exist
[0.562s] Call Stack (most recent call first):
[0.562s]   CMakeLists.txt:43 (pluginlib_export_plugin_description_file)
[0.562s] 
[0.562s] [0m
[0.562s] -- Configuring incomplete, errors occurred!
[0.562s] See also "/home/kuba/control_ws/src/teleop_robot/build/carlikebot/CMakeFiles/CMakeOutput.log".
[0.570s] Invoked command in '/home/kuba/control_ws/src/teleop_robot/build/carlikebot' returned '1': AMENT_PREFIX_PATH=/home/kuba/control_ws/src/teleop_robot/install/ros2_control_demo_description:${AMENT_PREFIX_PATH} CMAKE_PREFIX_PATH=/home/kuba/control_ws/src/teleop_robot/install/ros2_control_demo_description:/home/kuba/control_ws/install/ros2_control_demos:/home/kuba/control_ws/install/ros2_control_demo_example_11:/home/kuba/control_ws/install/ros2_control_demo_description:/opt/ros/humble /usr/bin/cmake /home/kuba/control_ws/src/teleop_robot/bot -DAMENT_CMAKE_SYMLINK_INSTALL=1 -DCMAKE_INSTALL_PREFIX=/home/kuba/control_ws/src/teleop_robot/install/carlikebot
