[0.012s] Invoking command in '/home/kuba/control_ws/src/teleop_robot/build/ros2_control_demo_description': CMAKE_PREFIX_PATH=${CMAKE_PREFIX_PATH}:/opt/ros/humble /usr/bin/cmake --build /home/kuba/control_ws/src/teleop_robot/build/ros2_control_demo_description -- -j8 -l8
[0.057s] Invoked command in '/home/kuba/control_ws/src/teleop_robot/build/ros2_control_demo_description' returned '0': CMAKE_PREFIX_PATH=${CMAKE_PREFIX_PATH}:/opt/ros/humble /usr/bin/cmake --build /home/kuba/control_ws/src/teleop_robot/build/ros2_control_demo_description -- -j8 -l8
[0.091s] Invoking command in '/home/kuba/control_ws/src/teleop_robot/build/ros2_control_demo_description': CMAKE_PREFIX_PATH=${CMAKE_PREFIX_PATH}:/opt/ros/humble /usr/bin/cmake --install /home/kuba/control_ws/src/teleop_robot/build/ros2_control_demo_description
[0.098s] -- Install configuration: ""
[0.099s] -- Execute custom install script
[0.099s] -- Up-to-date symlink: /home/kuba/control_ws/src/teleop_robot/install/ros2_control_demo_description/share/ros2_control_demo_description/carlikebot/urdf/carlikebot.materials.xacro
[0.100s] -- Up-to-date symlink: /home/kuba/control_ws/src/teleop_robot/install/ros2_control_demo_description/share/ros2_control_demo_description/carlikebot/urdf/carlikebot_description.urdf.xacro
[0.100s] -- Up-to-date symlink: /home/kuba/control_ws/src/teleop_robot/install/ros2_control_demo_description/share/ros2_control_demo_description/carlikebot/rviz/carlikebot.rviz
[0.100s] -- Up-to-date symlink: /home/kuba/control_ws/src/teleop_robot/install/ros2_control_demo_description/share/ros2_control_demo_description/carlikebot/rviz/carlikebot_view.rviz
[0.100s] -- Up-to-date symlink: /home/kuba/control_ws/src/teleop_robot/install/ros2_control_demo_description/share/ament_index/resource_index/package_run_dependencies/ros2_control_demo_description
[0.101s] -- Up-to-date symlink: /home/kuba/control_ws/src/teleop_robot/install/ros2_control_demo_description/share/ament_index/resource_index/parent_prefix_path/ros2_control_demo_description
[0.101s] -- Up-to-date symlink: /home/kuba/control_ws/src/teleop_robot/install/ros2_control_demo_description/share/ros2_control_demo_description/environment/ament_prefix_path.sh
[0.101s] -- Up-to-date symlink: /home/kuba/control_ws/src/teleop_robot/install/ros2_control_demo_description/share/ros2_control_demo_description/environment/ament_prefix_path.dsv
[0.101s] -- Up-to-date symlink: /home/kuba/control_ws/src/teleop_robot/install/ros2_control_demo_description/share/ros2_control_demo_description/environment/path.sh
[0.102s] -- Up-to-date symlink: /home/kuba/control_ws/src/teleop_robot/install/ros2_control_demo_description/share/ros2_control_demo_description/environment/path.dsv
[0.102s] -- Up-to-date symlink: /home/kuba/control_ws/src/teleop_robot/install/ros2_control_demo_description/share/ros2_control_demo_description/local_setup.bash
[0.102s] -- Up-to-date symlink: /home/kuba/control_ws/src/teleop_robot/install/ros2_control_demo_description/share/ros2_control_demo_description/local_setup.sh
[0.102s] -- Up-to-date symlink: /home/kuba/control_ws/src/teleop_robot/install/ros2_control_demo_description/share/ros2_control_demo_description/local_setup.zsh
[0.103s] -- Up-to-date symlink: /home/kuba/control_ws/src/teleop_robot/install/ros2_control_demo_description/share/ros2_control_demo_description/local_setup.dsv
[0.103s] -- Symlinking: /home/kuba/control_ws/src/teleop_robot/install/ros2_control_demo_description/share/ros2_control_demo_description/package.dsv
[0.115s] -- Up-to-date symlink: /home/kuba/control_ws/src/teleop_robot/install/ros2_control_demo_description/share/ament_index/resource_index/packages/ros2_control_demo_description
[0.115s] -- Up-to-date symlink: /home/kuba/control_ws/src/teleop_robot/install/ros2_control_demo_description/share/ros2_control_demo_description/cmake/ros2_control_demo_descriptionConfig.cmake
[0.115s] -- Up-to-date symlink: /home/kuba/control_ws/src/teleop_robot/install/ros2_control_demo_description/share/ros2_control_demo_description/cmake/ros2_control_demo_descriptionConfig-version.cmake
[0.115s] -- Up-to-date symlink: /home/kuba/control_ws/src/teleop_robot/install/ros2_control_demo_description/share/ros2_control_demo_description/package.xml
[0.118s] Invoked command in '/home/kuba/control_ws/src/teleop_robot/build/ros2_control_demo_description' returned '0': CMAKE_PREFIX_PATH=${CMAKE_PREFIX_PATH}:/opt/ros/humble /usr/bin/cmake --install /home/kuba/control_ws/src/teleop_robot/build/ros2_control_demo_description
