[0.011s] Invoking command in '/home/kuba/control_ws/src/teleop_robot/build/ros2_control_demo_description': CMAKE_PREFIX_PATH=${CMAKE_PREFIX_PATH}:/opt/ros/humble /usr/bin/cmake /home/kuba/control_ws/src/teleop_robot/description -DAMENT_CMAKE_SYMLINK_INSTALL=1 -DCMAKE_INSTALL_PREFIX=/home/kuba/control_ws/src/teleop_robot/install/ros2_control_demo_description
[0.074s] -- The C compiler identification is GNU 11.4.0
[0.138s] -- The CXX compiler identification is GNU 11.4.0
[0.146s] -- Detecting C compiler ABI info
[0.219s] -- Detecting C compiler ABI info - done
[0.227s] -- Check for working C compiler: /usr/bin/cc - skipped
[0.227s] -- Detecting C compile features
[0.227s] -- Detecting C compile features - done
[0.231s] -- Detecting CXX compiler ABI info
[0.326s] -- Detecting CXX compiler ABI info - done
[0.338s] -- Check for working CXX compiler: /usr/bin/c++ - skipped
[0.339s] -- Detecting CXX compile features
[0.339s] -- Detecting CXX compile features - done
[0.343s] -- Found ament_cmake: 1.3.10 (/opt/ros/humble/share/ament_cmake/cmake)
[0.517s] -- Found Python3: /usr/bin/python3 (found version "3.10.12") found components: Interpreter 
[0.583s] -- Override CMake install command with custom implementation using symlinks instead of copying resources
[0.682s] -- Configuring done
[0.685s] -- Generating done
[0.686s] -- Build files have been written to: /home/kuba/control_ws/src/teleop_robot/build/ros2_control_demo_description
[0.690s] Invoked command in '/home/kuba/control_ws/src/teleop_robot/build/ros2_control_demo_description' returned '0': CMAKE_PREFIX_PATH=${CMAKE_PREFIX_PATH}:/opt/ros/humble /usr/bin/cmake /home/kuba/control_ws/src/teleop_robot/description -DAMENT_CMAKE_SYMLINK_INSTALL=1 -DCMAKE_INSTALL_PREFIX=/home/kuba/control_ws/src/teleop_robot/install/ros2_control_demo_description
[0.692s] Invoking command in '/home/kuba/control_ws/src/teleop_robot/build/ros2_control_demo_description': CMAKE_PREFIX_PATH=${CMAKE_PREFIX_PATH}:/opt/ros/humble /usr/bin/cmake --build /home/kuba/control_ws/src/teleop_robot/build/ros2_control_demo_description -- -j8 -l8
[0.734s] Invoked command in '/home/kuba/control_ws/src/teleop_robot/build/ros2_control_demo_description' returned '0': CMAKE_PREFIX_PATH=${CMAKE_PREFIX_PATH}:/opt/ros/humble /usr/bin/cmake --build /home/kuba/control_ws/src/teleop_robot/build/ros2_control_demo_description -- -j8 -l8
[0.769s] Invoking command in '/home/kuba/control_ws/src/teleop_robot/build/ros2_control_demo_description': CMAKE_PREFIX_PATH=${CMAKE_PREFIX_PATH}:/opt/ros/humble /usr/bin/cmake --install /home/kuba/control_ws/src/teleop_robot/build/ros2_control_demo_description
[0.776s] -- Install configuration: ""
[0.777s] -- Execute custom install script
[0.777s] -- Symlinking: /home/kuba/control_ws/src/teleop_robot/install/ros2_control_demo_description/share/ros2_control_demo_description/carlikebot/urdf/carlikebot.materials.xacro
[0.786s] -- Symlinking: /home/kuba/control_ws/src/teleop_robot/install/ros2_control_demo_description/share/ros2_control_demo_description/carlikebot/urdf/carlikebot_description.urdf.xacro
[0.796s] -- Symlinking: /home/kuba/control_ws/src/teleop_robot/install/ros2_control_demo_description/share/ros2_control_demo_description/carlikebot/rviz/carlikebot.rviz
[0.805s] -- Symlinking: /home/kuba/control_ws/src/teleop_robot/install/ros2_control_demo_description/share/ros2_control_demo_description/carlikebot/rviz/carlikebot_view.rviz
[0.815s] -- Symlinking: /home/kuba/control_ws/src/teleop_robot/install/ros2_control_demo_description/share/ament_index/resource_index/package_run_dependencies/ros2_control_demo_description
[0.827s] -- Symlinking: /home/kuba/control_ws/src/teleop_robot/install/ros2_control_demo_description/share/ament_index/resource_index/parent_prefix_path/ros2_control_demo_description
[0.838s] -- Symlinking: /home/kuba/control_ws/src/teleop_robot/install/ros2_control_demo_description/share/ros2_control_demo_description/environment/ament_prefix_path.sh
[0.848s] -- Symlinking: /home/kuba/control_ws/src/teleop_robot/install/ros2_control_demo_description/share/ros2_control_demo_description/environment/ament_prefix_path.dsv
[0.858s] -- Symlinking: /home/kuba/control_ws/src/teleop_robot/install/ros2_control_demo_description/share/ros2_control_demo_description/environment/path.sh
[0.868s] -- Symlinking: /home/kuba/control_ws/src/teleop_robot/install/ros2_control_demo_description/share/ros2_control_demo_description/environment/path.dsv
[0.877s] -- Symlinking: /home/kuba/control_ws/src/teleop_robot/install/ros2_control_demo_description/share/ros2_control_demo_description/local_setup.bash
[0.887s] -- Symlinking: /home/kuba/control_ws/src/teleop_robot/install/ros2_control_demo_description/share/ros2_control_demo_description/local_setup.sh
[0.896s] -- Symlinking: /home/kuba/control_ws/src/teleop_robot/install/ros2_control_demo_description/share/ros2_control_demo_description/local_setup.zsh
[0.906s] -- Symlinking: /home/kuba/control_ws/src/teleop_robot/install/ros2_control_demo_description/share/ros2_control_demo_description/local_setup.dsv
[0.916s] -- Symlinking: /home/kuba/control_ws/src/teleop_robot/install/ros2_control_demo_description/share/ros2_control_demo_description/package.dsv
[0.926s] -- Symlinking: /home/kuba/control_ws/src/teleop_robot/install/ros2_control_demo_description/share/ament_index/resource_index/packages/ros2_control_demo_description
[0.936s] -- Symlinking: /home/kuba/control_ws/src/teleop_robot/install/ros2_control_demo_description/share/ros2_control_demo_description/cmake/ros2_control_demo_descriptionConfig.cmake
[0.945s] -- Symlinking: /home/kuba/control_ws/src/teleop_robot/install/ros2_control_demo_description/share/ros2_control_demo_description/cmake/ros2_control_demo_descriptionConfig-version.cmake
[0.955s] -- Symlinking: /home/kuba/control_ws/src/teleop_robot/install/ros2_control_demo_description/share/ros2_control_demo_description/package.xml
[0.967s] Invoked command in '/home/kuba/control_ws/src/teleop_robot/build/ros2_control_demo_description' returned '0': CMAKE_PREFIX_PATH=${CMAKE_PREFIX_PATH}:/opt/ros/humble /usr/bin/cmake --install /home/kuba/control_ws/src/teleop_robot/build/ros2_control_demo_description
