[0.009s] Invoking command in '/home/kuba/control_ws/src/teleop_robot/build/carlikebot': AMENT_PREFIX_PATH=/home/kuba/control_ws/src/teleop_robot/install/ros2_control_demo_description:${AMENT_PREFIX_PATH} CMAKE_PREFIX_PATH=/home/kuba/control_ws/src/teleop_robot/install/ros2_control_demo_description:/opt/ros/humble /usr/bin/cmake /home/kuba/control_ws/src/teleop_robot/bot -DAMENT_CMAKE_SYMLINK_INSTALL=1 -DCMAKE_INSTALL_PREFIX=/home/kuba/control_ws/src/teleop_robot/install/carlikebot
[0.021s] -- Found ament_cmake: 1.3.10 (/opt/ros/humble/share/ament_cmake/cmake)
[0.161s] -- Override CMake install command with custom implementation using symlinks instead of copying resources
[0.173s] -- Found hardware_interface: 2.43.1 (/opt/ros/humble/share/hardware_interface/cmake)
[0.204s] -- Found rosidl_generator_c: 3.1.5 (/opt/ros/humble/share/rosidl_generator_c/cmake)
[0.206s] -- Found rosidl_adapter: 3.1.5 (/opt/ros/humble/share/rosidl_adapter/cmake)
[0.214s] -- Found rosidl_generator_cpp: 3.1.5 (/opt/ros/humble/share/rosidl_generator_cpp/cmake)
[0.225s] -- Using all available rosidl_typesupport_c: rosidl_typesupport_fastrtps_c;rosidl_typesupport_introspection_c
[0.238s] -- Using all available rosidl_typesupport_cpp: rosidl_typesupport_fastrtps_cpp;rosidl_typesupport_introspection_cpp
[0.438s] -- Found rmw_implementation_cmake: 6.1.2 (/opt/ros/humble/share/rmw_implementation_cmake/cmake)
[0.440s] -- Found rmw_fastrtps_cpp: 6.2.7 (/opt/ros/humble/share/rmw_fastrtps_cpp/cmake)
[0.464s] -- Found TinyXML2 via Config file: TinyXML2_DIR-NOTFOUND
[0.474s] -- Found TinyXML2 via Config file: TinyXML2_DIR-NOTFOUND
[0.491s] -- Found TinyXML2 via Config file: TinyXML2_DIR-NOTFOUND
[0.501s] -- Found TinyXML2 via Config file: TinyXML2_DIR-NOTFOUND
[0.511s] -- Using RMW implementation 'rmw_fastrtps_cpp' as default
[0.572s] -- Found ament_cmake_pytest: 1.3.10 (/opt/ros/humble/share/ament_cmake_pytest/cmake)
[1.742s] -- Configuring done
[1.786s] -- Generating done
[1.789s] -- Build files have been written to: /home/kuba/control_ws/src/teleop_robot/build/carlikebot
[1.801s] Invoked command in '/home/kuba/control_ws/src/teleop_robot/build/carlikebot' returned '0': AMENT_PREFIX_PATH=/home/kuba/control_ws/src/teleop_robot/install/ros2_control_demo_description:${AMENT_PREFIX_PATH} CMAKE_PREFIX_PATH=/home/kuba/control_ws/src/teleop_robot/install/ros2_control_demo_description:/opt/ros/humble /usr/bin/cmake /home/kuba/control_ws/src/teleop_robot/bot -DAMENT_CMAKE_SYMLINK_INSTALL=1 -DCMAKE_INSTALL_PREFIX=/home/kuba/control_ws/src/teleop_robot/install/carlikebot
[1.803s] Invoking command in '/home/kuba/control_ws/src/teleop_robot/build/carlikebot': AMENT_PREFIX_PATH=/home/kuba/control_ws/src/teleop_robot/install/ros2_control_demo_description:${AMENT_PREFIX_PATH} CMAKE_PREFIX_PATH=/home/kuba/control_ws/src/teleop_robot/install/ros2_control_demo_description:/opt/ros/humble /usr/bin/cmake --build /home/kuba/control_ws/src/teleop_robot/build/carlikebot -- -j8 -l8
[1.859s] [ 50%] [32mBuilding CXX object CMakeFiles/carlikebot.dir/hardware/carlikebot_system.cpp.o[0m
[1.869s] [01m[K/home/kuba/control_ws/src/teleop_robot/bot/hardware/carlikebot_system.cpp:15:10:[m[K [01;31m[Kfatal error: [m[Kcarlikebot/carlikebot_system.hpp: No such file or directory
[1.869s]    15 | #include [01;31m[K"carlikebot/carlikebot_system.hpp"[m[K
[1.869s]       |          [01;31m[K^~~~~~~~~~~~~~~~~~~~~~~~~~~~~~~~~~[m[K
[1.870s] compilation terminated.
[1.870s] gmake[2]: *** [CMakeFiles/carlikebot.dir/build.make:76: CMakeFiles/carlikebot.dir/hardware/carlikebot_system.cpp.o] Error 1
[1.870s] gmake[1]: *** [CMakeFiles/Makefile2:137: CMakeFiles/carlikebot.dir/all] Error 2
[1.871s] gmake: *** [Makefile:146: all] Error 2
[1.873s] Invoked command in '/home/kuba/control_ws/src/teleop_robot/build/carlikebot' returned '2': AMENT_PREFIX_PATH=/home/kuba/control_ws/src/teleop_robot/install/ros2_control_demo_description:${AMENT_PREFIX_PATH} CMAKE_PREFIX_PATH=/home/kuba/control_ws/src/teleop_robot/install/ros2_control_demo_description:/opt/ros/humble /usr/bin/cmake --build /home/kuba/control_ws/src/teleop_robot/build/carlikebot -- -j8 -l8
