[0.122s] DEBUG:colcon:Command line arguments: ['/usr/bin/colcon', 'build', '--symlink-install']
[0.122s] DEBUG:colcon:Parsed command line arguments: Namespace(log_base=None, log_level=None, verb_name='build', build_base='build', install_base='install', merge_install=False, symlink_install=True, test_result_base=None, continue_on_error=False, executor='parallel', parallel_workers=8, event_handlers=None, ignore_user_meta=False, metas=['./colcon.meta'], base_paths=['.'], packages_ignore=None, packages_ignore_regex=None, paths=None, packages_up_to=None, packages_up_to_regex=None, packages_above=None, packages_above_and_dependencies=None, packages_above_depth=None, packages_select_by_dep=None, packages_skip_by_dep=None, packages_skip_up_to=None, packages_select_build_failed=False, packages_skip_build_finished=False, packages_select_test_failures=False, packages_skip_test_passed=False, packages_select=None, packages_skip=None, packages_select_regex=None, packages_skip_regex=None, packages_start=None, packages_end=None, allow_overriding=[], cmake_args=None, cmake_target=None, cmake_target_skip_unavailable=False, cmake_clean_cache=False, cmake_clean_first=False, cmake_force_configure=False, ament_cmake_args=None, catkin_cmake_args=None, catkin_skip_building_tests=False, mixin_files=None, mixin=None, verb_parser=<colcon_mixin.mixin.mixin_argument.MixinArgumentDecorator object at 0x72303162ace0>, verb_extension=<colcon_core.verb.build.BuildVerb object at 0x72303162a740>, main=<bound method BuildVerb.main of <colcon_core.verb.build.BuildVerb object at 0x72303162a740>>, mixin_verb=('build',))
[0.305s] Level 1:colcon.colcon_core.package_discovery:discover_packages(colcon_meta) check parameters
[0.305s] Level 1:colcon.colcon_core.package_discovery:discover_packages(recursive) check parameters
[0.305s] Level 1:colcon.colcon_core.package_discovery:discover_packages(ignore) check parameters
[0.305s] Level 1:colcon.colcon_core.package_discovery:discover_packages(path) check parameters
[0.305s] Level 1:colcon.colcon_core.package_discovery:discover_packages(colcon_meta) discover
[0.306s] Level 1:colcon.colcon_core.package_discovery:discover_packages(recursive) discover
[0.306s] INFO:colcon.colcon_core.package_discovery:Crawling recursively for packages in '/home/kuba/control_ws/src/teleop_robot'
[0.306s] Level 1:colcon.colcon_core.package_identification:_identify(.) by extensions ['ignore', 'ignore_ament_install']
[0.306s] Level 1:colcon.colcon_core.package_identification:_identify(.) by extension 'ignore'
[0.306s] Level 1:colcon.colcon_core.package_identification:_identify(.) by extension 'ignore_ament_install'
[0.306s] Level 1:colcon.colcon_core.package_identification:_identify(.) by extensions ['colcon_pkg']
[0.306s] Level 1:colcon.colcon_core.package_identification:_identify(.) by extension 'colcon_pkg'
[0.306s] Level 1:colcon.colcon_core.package_identification:_identify(.) by extensions ['colcon_meta']
[0.306s] Level 1:colcon.colcon_core.package_identification:_identify(.) by extension 'colcon_meta'
[0.306s] Level 1:colcon.colcon_core.package_identification:_identify(.) by extensions ['ros']
[0.306s] Level 1:colcon.colcon_core.package_identification:_identify(.) by extension 'ros'
[0.318s] Level 1:colcon.colcon_core.package_identification:_identify(.) by extensions ['cmake', 'python']
[0.318s] Level 1:colcon.colcon_core.package_identification:_identify(.) by extension 'cmake'
[0.318s] Level 1:colcon.colcon_core.package_identification:_identify(.) by extension 'python'
[0.318s] Level 1:colcon.colcon_core.package_identification:_identify(.) by extensions ['python_setup_py']
[0.318s] Level 1:colcon.colcon_core.package_identification:_identify(.) by extension 'python_setup_py'
[0.318s] Level 1:colcon.colcon_core.package_identification:_identify(bot) by extensions ['ignore', 'ignore_ament_install']
[0.318s] Level 1:colcon.colcon_core.package_identification:_identify(bot) by extension 'ignore'
[0.318s] Level 1:colcon.colcon_core.package_identification:_identify(bot) by extension 'ignore_ament_install'
[0.318s] Level 1:colcon.colcon_core.package_identification:_identify(bot) by extensions ['colcon_pkg']
[0.318s] Level 1:colcon.colcon_core.package_identification:_identify(bot) by extension 'colcon_pkg'
[0.319s] Level 1:colcon.colcon_core.package_identification:_identify(bot) by extensions ['colcon_meta']
[0.319s] Level 1:colcon.colcon_core.package_identification:_identify(bot) by extension 'colcon_meta'
[0.319s] Level 1:colcon.colcon_core.package_identification:_identify(bot) by extensions ['ros']
[0.319s] Level 1:colcon.colcon_core.package_identification:_identify(bot) by extension 'ros'
[0.322s] DEBUG:colcon.colcon_core.package_identification:Package 'bot' with type 'ros.ament_cmake' and name 'carlikebot'
[0.322s] Level 1:colcon.colcon_core.package_identification:_identify(build) by extensions ['ignore', 'ignore_ament_install']
[0.322s] Level 1:colcon.colcon_core.package_identification:_identify(build) by extension 'ignore'
[0.323s] Level 1:colcon.colcon_core.package_identification:_identify(build) ignored
[0.323s] Level 1:colcon.colcon_core.package_identification:_identify(demos) by extensions ['ignore', 'ignore_ament_install']
[0.323s] Level 1:colcon.colcon_core.package_identification:_identify(demos) by extension 'ignore'
[0.323s] Level 1:colcon.colcon_core.package_identification:_identify(demos) by extension 'ignore_ament_install'
[0.323s] Level 1:colcon.colcon_core.package_identification:_identify(demos) by extensions ['colcon_pkg']
[0.323s] Level 1:colcon.colcon_core.package_identification:_identify(demos) by extension 'colcon_pkg'
[0.323s] Level 1:colcon.colcon_core.package_identification:_identify(demos) by extensions ['colcon_meta']
[0.323s] Level 1:colcon.colcon_core.package_identification:_identify(demos) by extension 'colcon_meta'
[0.323s] Level 1:colcon.colcon_core.package_identification:_identify(demos) by extensions ['ros']
[0.323s] Level 1:colcon.colcon_core.package_identification:_identify(demos) by extension 'ros'
[0.324s] DEBUG:colcon.colcon_core.package_identification:Package 'demos' with type 'ros.ament_cmake' and name 'ros2_control_demos'
[0.324s] Level 1:colcon.colcon_core.package_identification:_identify(description) by extensions ['ignore', 'ignore_ament_install']
[0.324s] Level 1:colcon.colcon_core.package_identification:_identify(description) by extension 'ignore'
[0.324s] Level 1:colcon.colcon_core.package_identification:_identify(description) by extension 'ignore_ament_install'
[0.324s] Level 1:colcon.colcon_core.package_identification:_identify(description) by extensions ['colcon_pkg']
[0.324s] Level 1:colcon.colcon_core.package_identification:_identify(description) by extension 'colcon_pkg'
[0.325s] Level 1:colcon.colcon_core.package_identification:_identify(description) by extensions ['colcon_meta']
[0.325s] Level 1:colcon.colcon_core.package_identification:_identify(description) by extension 'colcon_meta'
[0.325s] Level 1:colcon.colcon_core.package_identification:_identify(description) by extensions ['ros']
[0.325s] Level 1:colcon.colcon_core.package_identification:_identify(description) by extension 'ros'
[0.325s] DEBUG:colcon.colcon_core.package_identification:Package 'description' with type 'ros.ament_cmake' and name 'ros2_control_demo_description'
[0.325s] Level 1:colcon.colcon_core.package_identification:_identify(install) by extensions ['ignore', 'ignore_ament_install']
[0.326s] Level 1:colcon.colcon_core.package_identification:_identify(install) by extension 'ignore'
[0.326s] Level 1:colcon.colcon_core.package_identification:_identify(install) ignored
[0.326s] Level 1:colcon.colcon_core.package_identification:_identify(log) by extensions ['ignore', 'ignore_ament_install']
[0.326s] Level 1:colcon.colcon_core.package_identification:_identify(log) by extension 'ignore'
[0.326s] Level 1:colcon.colcon_core.package_identification:_identify(log) ignored
[0.326s] Level 1:colcon.colcon_core.package_discovery:discover_packages(recursive) using defaults
[0.326s] Level 1:colcon.colcon_core.package_discovery:discover_packages(ignore) discover
[0.326s] Level 1:colcon.colcon_core.package_discovery:discover_packages(ignore) using defaults
[0.326s] Level 1:colcon.colcon_core.package_discovery:discover_packages(path) discover
[0.326s] Level 1:colcon.colcon_core.package_discovery:discover_packages(path) using defaults
[0.358s] Level 1:colcon.colcon_core.package_discovery:discover_packages(prefix_path) check parameters
[0.358s] Level 1:colcon.colcon_core.package_discovery:discover_packages(prefix_path) discover
[0.361s] DEBUG:colcon.colcon_installed_package_information.package_discovery:Found 334 installed packages in /opt/ros/humble
[0.363s] Level 1:colcon.colcon_core.package_discovery:discover_packages(prefix_path) using defaults
[0.410s] Level 5:colcon.colcon_core.verb:set package 'ros2_control_demo_description' build argument 'cmake_args' from command line to 'None'
[0.410s] Level 5:colcon.colcon_core.verb:set package 'ros2_control_demo_description' build argument 'cmake_target' from command line to 'None'
[0.410s] Level 5:colcon.colcon_core.verb:set package 'ros2_control_demo_description' build argument 'cmake_target_skip_unavailable' from command line to 'False'
[0.410s] Level 5:colcon.colcon_core.verb:set package 'ros2_control_demo_description' build argument 'cmake_clean_cache' from command line to 'False'
[0.410s] Level 5:colcon.colcon_core.verb:set package 'ros2_control_demo_description' build argument 'cmake_clean_first' from command line to 'False'
[0.410s] Level 5:colcon.colcon_core.verb:set package 'ros2_control_demo_description' build argument 'cmake_force_configure' from command line to 'False'
[0.410s] Level 5:colcon.colcon_core.verb:set package 'ros2_control_demo_description' build argument 'ament_cmake_args' from command line to 'None'
[0.410s] Level 5:colcon.colcon_core.verb:set package 'ros2_control_demo_description' build argument 'catkin_cmake_args' from command line to 'None'
[0.410s] Level 5:colcon.colcon_core.verb:set package 'ros2_control_demo_description' build argument 'catkin_skip_building_tests' from command line to 'False'
[0.410s] DEBUG:colcon.colcon_core.verb:Building package 'ros2_control_demo_description' with the following arguments: {'ament_cmake_args': None, 'build_base': '/home/kuba/control_ws/src/teleop_robot/build/ros2_control_demo_description', 'catkin_cmake_args': None, 'catkin_skip_building_tests': False, 'cmake_args': None, 'cmake_clean_cache': False, 'cmake_clean_first': False, 'cmake_force_configure': False, 'cmake_target': None, 'cmake_target_skip_unavailable': False, 'install_base': '/home/kuba/control_ws/src/teleop_robot/install/ros2_control_demo_description', 'merge_install': False, 'path': '/home/kuba/control_ws/src/teleop_robot/description', 'symlink_install': True, 'test_result_base': None}
[0.411s] Level 5:colcon.colcon_core.verb:set package 'carlikebot' build argument 'cmake_args' from command line to 'None'
[0.411s] Level 5:colcon.colcon_core.verb:set package 'carlikebot' build argument 'cmake_target' from command line to 'None'
[0.411s] Level 5:colcon.colcon_core.verb:set package 'carlikebot' build argument 'cmake_target_skip_unavailable' from command line to 'False'
[0.411s] Level 5:colcon.colcon_core.verb:set package 'carlikebot' build argument 'cmake_clean_cache' from command line to 'False'
[0.411s] Level 5:colcon.colcon_core.verb:set package 'carlikebot' build argument 'cmake_clean_first' from command line to 'False'
[0.411s] Level 5:colcon.colcon_core.verb:set package 'carlikebot' build argument 'cmake_force_configure' from command line to 'False'
[0.411s] Level 5:colcon.colcon_core.verb:set package 'carlikebot' build argument 'ament_cmake_args' from command line to 'None'
[0.411s] Level 5:colcon.colcon_core.verb:set package 'carlikebot' build argument 'catkin_cmake_args' from command line to 'None'
[0.411s] Level 5:colcon.colcon_core.verb:set package 'carlikebot' build argument 'catkin_skip_building_tests' from command line to 'False'
[0.411s] DEBUG:colcon.colcon_core.verb:Building package 'carlikebot' with the following arguments: {'ament_cmake_args': None, 'build_base': '/home/kuba/control_ws/src/teleop_robot/build/carlikebot', 'catkin_cmake_args': None, 'catkin_skip_building_tests': False, 'cmake_args': None, 'cmake_clean_cache': False, 'cmake_clean_first': False, 'cmake_force_configure': False, 'cmake_target': None, 'cmake_target_skip_unavailable': False, 'install_base': '/home/kuba/control_ws/src/teleop_robot/install/carlikebot', 'merge_install': False, 'path': '/home/kuba/control_ws/src/teleop_robot/bot', 'symlink_install': True, 'test_result_base': None}
[0.412s] Level 5:colcon.colcon_core.verb:set package 'ros2_control_demos' build argument 'cmake_args' from command line to 'None'
[0.412s] Level 5:colcon.colcon_core.verb:set package 'ros2_control_demos' build argument 'cmake_target' from command line to 'None'
[0.412s] Level 5:colcon.colcon_core.verb:set package 'ros2_control_demos' build argument 'cmake_target_skip_unavailable' from command line to 'False'
[0.412s] Level 5:colcon.colcon_core.verb:set package 'ros2_control_demos' build argument 'cmake_clean_cache' from command line to 'False'
[0.412s] Level 5:colcon.colcon_core.verb:set package 'ros2_control_demos' build argument 'cmake_clean_first' from command line to 'False'
[0.412s] Level 5:colcon.colcon_core.verb:set package 'ros2_control_demos' build argument 'cmake_force_configure' from command line to 'False'
[0.412s] Level 5:colcon.colcon_core.verb:set package 'ros2_control_demos' build argument 'ament_cmake_args' from command line to 'None'
[0.412s] Level 5:colcon.colcon_core.verb:set package 'ros2_control_demos' build argument 'catkin_cmake_args' from command line to 'None'
[0.412s] Level 5:colcon.colcon_core.verb:set package 'ros2_control_demos' build argument 'catkin_skip_building_tests' from command line to 'False'
[0.412s] DEBUG:colcon.colcon_core.verb:Building package 'ros2_control_demos' with the following arguments: {'ament_cmake_args': None, 'build_base': '/home/kuba/control_ws/src/teleop_robot/build/ros2_control_demos', 'catkin_cmake_args': None, 'catkin_skip_building_tests': False, 'cmake_args': None, 'cmake_clean_cache': False, 'cmake_clean_first': False, 'cmake_force_configure': False, 'cmake_target': None, 'cmake_target_skip_unavailable': False, 'install_base': '/home/kuba/control_ws/src/teleop_robot/install/ros2_control_demos', 'merge_install': False, 'path': '/home/kuba/control_ws/src/teleop_robot/demos', 'symlink_install': True, 'test_result_base': None}
[0.412s] INFO:colcon.colcon_core.executor:Executing jobs using 'parallel' executor
[0.414s] DEBUG:colcon.colcon_parallel_executor.executor.parallel:run_until_complete
[0.414s] INFO:colcon.colcon_ros.task.ament_cmake.build:Building ROS package in '/home/kuba/control_ws/src/teleop_robot/description' with build type 'ament_cmake'
[0.414s] INFO:colcon.colcon_cmake.task.cmake.build:Building CMake package in '/home/kuba/control_ws/src/teleop_robot/description'
[0.417s] INFO:colcon.colcon_core.plugin_system:Skipping extension 'colcon_core.shell.bat': Not used on non-Windows systems
[0.417s] INFO:colcon.colcon_core.shell:Skip shell extension 'powershell' for command environment: Not usable outside of PowerShell
[0.417s] DEBUG:colcon.colcon_core.shell:Skip shell extension 'dsv' for command environment
[0.428s] DEBUG:colcon.colcon_core.event_handler.log_command:Invoking command in '/home/kuba/control_ws/src/teleop_robot/build/ros2_control_demo_description': CMAKE_PREFIX_PATH=/opt/ros/humble /usr/bin/cmake --build /home/kuba/control_ws/src/teleop_robot/build/ros2_control_demo_description -- -j8 -l8
[0.469s] DEBUG:colcon.colcon_core.event_handler.log_command:Invoked command in '/home/kuba/control_ws/src/teleop_robot/build/ros2_control_demo_description' returned '0': CMAKE_PREFIX_PATH=/opt/ros/humble /usr/bin/cmake --build /home/kuba/control_ws/src/teleop_robot/build/ros2_control_demo_description -- -j8 -l8
[0.502s] DEBUG:colcon.colcon_core.event_handler.log_command:Invoking command in '/home/kuba/control_ws/src/teleop_robot/build/ros2_control_demo_description': CMAKE_PREFIX_PATH=/opt/ros/humble /usr/bin/cmake --install /home/kuba/control_ws/src/teleop_robot/build/ros2_control_demo_description
[0.527s] Level 1:colcon.colcon_core.environment:create_environment_scripts_only(ros2_control_demo_description)
[0.528s] DEBUG:colcon.colcon_core.event_handler.log_command:Invoked command in '/home/kuba/control_ws/src/teleop_robot/build/ros2_control_demo_description' returned '0': CMAKE_PREFIX_PATH=/opt/ros/humble /usr/bin/cmake --install /home/kuba/control_ws/src/teleop_robot/build/ros2_control_demo_description
[0.530s] Level 1:colcon.colcon_core.environment:checking '/home/kuba/control_ws/src/teleop_robot/install/ros2_control_demo_description' for CMake module files
[0.531s] Level 1:colcon.colcon_core.environment:checking '/home/kuba/control_ws/src/teleop_robot/install/ros2_control_demo_description' for CMake config files
[0.531s] Level 1:colcon.colcon_core.shell:create_environment_hook('ros2_control_demo_description', 'cmake_prefix_path')
[0.531s] INFO:colcon.colcon_core.shell:Creating environment hook '/home/kuba/control_ws/src/teleop_robot/install/ros2_control_demo_description/share/ros2_control_demo_description/hook/cmake_prefix_path.ps1'
[0.532s] INFO:colcon.colcon_core.shell:Creating environment descriptor '/home/kuba/control_ws/src/teleop_robot/install/ros2_control_demo_description/share/ros2_control_demo_description/hook/cmake_prefix_path.dsv'
[0.532s] INFO:colcon.colcon_core.shell:Creating environment hook '/home/kuba/control_ws/src/teleop_robot/install/ros2_control_demo_description/share/ros2_control_demo_description/hook/cmake_prefix_path.sh'
[0.533s] Level 1:colcon.colcon_core.environment:checking '/home/kuba/control_ws/src/teleop_robot/install/ros2_control_demo_description/bin'
[0.533s] Level 1:colcon.colcon_core.environment:checking '/home/kuba/control_ws/src/teleop_robot/install/ros2_control_demo_description/lib/pkgconfig/ros2_control_demo_description.pc'
[0.534s] Level 1:colcon.colcon_core.environment:checking '/home/kuba/control_ws/src/teleop_robot/install/ros2_control_demo_description/lib/python3.10/site-packages'
[0.534s] Level 1:colcon.colcon_core.environment:checking '/home/kuba/control_ws/src/teleop_robot/install/ros2_control_demo_description/bin'
[0.534s] INFO:colcon.colcon_core.shell:Creating package script '/home/kuba/control_ws/src/teleop_robot/install/ros2_control_demo_description/share/ros2_control_demo_description/package.ps1'
[0.535s] INFO:colcon.colcon_core.shell:Creating package descriptor '/home/kuba/control_ws/src/teleop_robot/install/ros2_control_demo_description/share/ros2_control_demo_description/package.dsv'
[0.535s] INFO:colcon.colcon_core.shell:Creating package script '/home/kuba/control_ws/src/teleop_robot/install/ros2_control_demo_description/share/ros2_control_demo_description/package.sh'
[0.536s] INFO:colcon.colcon_core.shell:Creating package script '/home/kuba/control_ws/src/teleop_robot/install/ros2_control_demo_description/share/ros2_control_demo_description/package.bash'
[0.537s] INFO:colcon.colcon_core.shell:Creating package script '/home/kuba/control_ws/src/teleop_robot/install/ros2_control_demo_description/share/ros2_control_demo_description/package.zsh'
[0.538s] Level 1:colcon.colcon_core.environment:create_file_with_runtime_dependencies(/home/kuba/control_ws/src/teleop_robot/install/ros2_control_demo_description/share/colcon-core/packages/ros2_control_demo_description)
[0.561s] Level 1:colcon.colcon_core.environment:create_environment_scripts_only(ros2_control_demo_description)
[0.561s] Level 1:colcon.colcon_core.environment:checking '/home/kuba/control_ws/src/teleop_robot/install/ros2_control_demo_description' for CMake module files
[0.562s] Level 1:colcon.colcon_core.environment:checking '/home/kuba/control_ws/src/teleop_robot/install/ros2_control_demo_description' for CMake config files
[0.562s] Level 1:colcon.colcon_core.shell:create_environment_hook('ros2_control_demo_description', 'cmake_prefix_path')
[0.562s] INFO:colcon.colcon_core.shell:Creating environment hook '/home/kuba/control_ws/src/teleop_robot/install/ros2_control_demo_description/share/ros2_control_demo_description/hook/cmake_prefix_path.ps1'
[0.563s] INFO:colcon.colcon_core.shell:Creating environment descriptor '/home/kuba/control_ws/src/teleop_robot/install/ros2_control_demo_description/share/ros2_control_demo_description/hook/cmake_prefix_path.dsv'
[0.563s] INFO:colcon.colcon_core.shell:Creating environment hook '/home/kuba/control_ws/src/teleop_robot/install/ros2_control_demo_description/share/ros2_control_demo_description/hook/cmake_prefix_path.sh'
[0.564s] Level 1:colcon.colcon_core.environment:checking '/home/kuba/control_ws/src/teleop_robot/install/ros2_control_demo_description/bin'
[0.564s] Level 1:colcon.colcon_core.environment:checking '/home/kuba/control_ws/src/teleop_robot/install/ros2_control_demo_description/lib/pkgconfig/ros2_control_demo_description.pc'
[0.564s] Level 1:colcon.colcon_core.environment:checking '/home/kuba/control_ws/src/teleop_robot/install/ros2_control_demo_description/lib/python3.10/site-packages'
[0.565s] Level 1:colcon.colcon_core.environment:checking '/home/kuba/control_ws/src/teleop_robot/install/ros2_control_demo_description/bin'
[0.565s] INFO:colcon.colcon_core.shell:Creating package script '/home/kuba/control_ws/src/teleop_robot/install/ros2_control_demo_description/share/ros2_control_demo_description/package.ps1'
[0.565s] INFO:colcon.colcon_core.shell:Creating package descriptor '/home/kuba/control_ws/src/teleop_robot/install/ros2_control_demo_description/share/ros2_control_demo_description/package.dsv'
[0.566s] INFO:colcon.colcon_core.shell:Creating package script '/home/kuba/control_ws/src/teleop_robot/install/ros2_control_demo_description/share/ros2_control_demo_description/package.sh'
[0.566s] INFO:colcon.colcon_core.shell:Creating package script '/home/kuba/control_ws/src/teleop_robot/install/ros2_control_demo_description/share/ros2_control_demo_description/package.bash'
[0.567s] INFO:colcon.colcon_core.shell:Creating package script '/home/kuba/control_ws/src/teleop_robot/install/ros2_control_demo_description/share/ros2_control_demo_description/package.zsh'
[0.567s] Level 1:colcon.colcon_core.environment:create_file_with_runtime_dependencies(/home/kuba/control_ws/src/teleop_robot/install/ros2_control_demo_description/share/colcon-core/packages/ros2_control_demo_description)
[0.568s] INFO:colcon.colcon_ros.task.ament_cmake.build:Building ROS package in '/home/kuba/control_ws/src/teleop_robot/bot' with build type 'ament_cmake'
[0.568s] INFO:colcon.colcon_cmake.task.cmake.build:Building CMake package in '/home/kuba/control_ws/src/teleop_robot/bot'
[0.568s] INFO:colcon.colcon_core.shell:Skip shell extension 'powershell' for command environment: Not usable outside of PowerShell
[0.568s] DEBUG:colcon.colcon_core.shell:Skip shell extension 'dsv' for command environment
[0.579s] DEBUG:colcon.colcon_core.event_handler.log_command:Invoking command in '/home/kuba/control_ws/src/teleop_robot/build/carlikebot': AMENT_PREFIX_PATH=/home/kuba/control_ws/src/teleop_robot/install/ros2_control_demo_description:${AMENT_PREFIX_PATH} CMAKE_PREFIX_PATH=/home/kuba/control_ws/src/teleop_robot/install/ros2_control_demo_description:/opt/ros/humble /usr/bin/cmake --build /home/kuba/control_ws/src/teleop_robot/build/carlikebot -- -j8 -l8
[4.815s] DEBUG:colcon.colcon_core.event_handler.log_command:Invoked command in '/home/kuba/control_ws/src/teleop_robot/build/carlikebot' returned '0': AMENT_PREFIX_PATH=/home/kuba/control_ws/src/teleop_robot/install/ros2_control_demo_description:${AMENT_PREFIX_PATH} CMAKE_PREFIX_PATH=/home/kuba/control_ws/src/teleop_robot/install/ros2_control_demo_description:/opt/ros/humble /usr/bin/cmake --build /home/kuba/control_ws/src/teleop_robot/build/carlikebot -- -j8 -l8
[4.846s] DEBUG:colcon.colcon_core.event_handler.log_command:Invoking command in '/home/kuba/control_ws/src/teleop_robot/build/carlikebot': AMENT_PREFIX_PATH=/home/kuba/control_ws/src/teleop_robot/install/ros2_control_demo_description:${AMENT_PREFIX_PATH} CMAKE_PREFIX_PATH=/home/kuba/control_ws/src/teleop_robot/install/ros2_control_demo_description:/opt/ros/humble /usr/bin/cmake --install /home/kuba/control_ws/src/teleop_robot/build/carlikebot
[5.114s] Level 1:colcon.colcon_core.environment:create_environment_scripts_only(carlikebot)
[5.115s] Level 1:colcon.colcon_core.environment:checking '/home/kuba/control_ws/src/teleop_robot/install/carlikebot' for CMake module files
[5.116s] DEBUG:colcon.colcon_core.event_handler.log_command:Invoked command in '/home/kuba/control_ws/src/teleop_robot/build/carlikebot' returned '0': AMENT_PREFIX_PATH=/home/kuba/control_ws/src/teleop_robot/install/ros2_control_demo_description:${AMENT_PREFIX_PATH} CMAKE_PREFIX_PATH=/home/kuba/control_ws/src/teleop_robot/install/ros2_control_demo_description:/opt/ros/humble /usr/bin/cmake --install /home/kuba/control_ws/src/teleop_robot/build/carlikebot
[5.116s] Level 1:colcon.colcon_core.environment:checking '/home/kuba/control_ws/src/teleop_robot/install/carlikebot' for CMake config files
[5.117s] Level 1:colcon.colcon_core.shell:create_environment_hook('carlikebot', 'cmake_prefix_path')
[5.117s] INFO:colcon.colcon_core.shell:Creating environment hook '/home/kuba/control_ws/src/teleop_robot/install/carlikebot/share/carlikebot/hook/cmake_prefix_path.ps1'
[5.118s] INFO:colcon.colcon_core.shell:Creating environment descriptor '/home/kuba/control_ws/src/teleop_robot/install/carlikebot/share/carlikebot/hook/cmake_prefix_path.dsv'
[5.118s] INFO:colcon.colcon_core.shell:Creating environment hook '/home/kuba/control_ws/src/teleop_robot/install/carlikebot/share/carlikebot/hook/cmake_prefix_path.sh'
[5.119s] Level 1:colcon.colcon_core.environment:checking '/home/kuba/control_ws/src/teleop_robot/install/carlikebot/lib'
[5.119s] Level 1:colcon.colcon_core.shell:create_environment_hook('carlikebot', 'ld_library_path_lib')
[5.119s] INFO:colcon.colcon_core.shell:Creating environment hook '/home/kuba/control_ws/src/teleop_robot/install/carlikebot/share/carlikebot/hook/ld_library_path_lib.ps1'
[5.120s] INFO:colcon.colcon_core.shell:Creating environment descriptor '/home/kuba/control_ws/src/teleop_robot/install/carlikebot/share/carlikebot/hook/ld_library_path_lib.dsv'
[5.120s] INFO:colcon.colcon_core.shell:Creating environment hook '/home/kuba/control_ws/src/teleop_robot/install/carlikebot/share/carlikebot/hook/ld_library_path_lib.sh'
[5.121s] Level 1:colcon.colcon_core.environment:checking '/home/kuba/control_ws/src/teleop_robot/install/carlikebot/bin'
[5.121s] Level 1:colcon.colcon_core.environment:checking '/home/kuba/control_ws/src/teleop_robot/install/carlikebot/lib/pkgconfig/carlikebot.pc'
[5.121s] Level 1:colcon.colcon_core.environment:checking '/home/kuba/control_ws/src/teleop_robot/install/carlikebot/lib/python3.10/site-packages'
[5.122s] Level 1:colcon.colcon_core.environment:checking '/home/kuba/control_ws/src/teleop_robot/install/carlikebot/bin'
[5.122s] INFO:colcon.colcon_core.shell:Creating package script '/home/kuba/control_ws/src/teleop_robot/install/carlikebot/share/carlikebot/package.ps1'
[5.123s] INFO:colcon.colcon_core.shell:Creating package descriptor '/home/kuba/control_ws/src/teleop_robot/install/carlikebot/share/carlikebot/package.dsv'
[5.123s] INFO:colcon.colcon_core.shell:Creating package script '/home/kuba/control_ws/src/teleop_robot/install/carlikebot/share/carlikebot/package.sh'
[5.123s] INFO:colcon.colcon_core.shell:Creating package script '/home/kuba/control_ws/src/teleop_robot/install/carlikebot/share/carlikebot/package.bash'
[5.124s] INFO:colcon.colcon_core.shell:Creating package script '/home/kuba/control_ws/src/teleop_robot/install/carlikebot/share/carlikebot/package.zsh'
[5.124s] Level 1:colcon.colcon_core.environment:create_file_with_runtime_dependencies(/home/kuba/control_ws/src/teleop_robot/install/carlikebot/share/colcon-core/packages/carlikebot)
[5.154s] Level 1:colcon.colcon_core.environment:create_environment_scripts_only(carlikebot)
[5.154s] Level 1:colcon.colcon_core.environment:checking '/home/kuba/control_ws/src/teleop_robot/install/carlikebot' for CMake module files
[5.155s] Level 1:colcon.colcon_core.environment:checking '/home/kuba/control_ws/src/teleop_robot/install/carlikebot' for CMake config files
[5.155s] Level 1:colcon.colcon_core.shell:create_environment_hook('carlikebot', 'cmake_prefix_path')
[5.155s] INFO:colcon.colcon_core.shell:Creating environment hook '/home/kuba/control_ws/src/teleop_robot/install/carlikebot/share/carlikebot/hook/cmake_prefix_path.ps1'
[5.156s] INFO:colcon.colcon_core.shell:Creating environment descriptor '/home/kuba/control_ws/src/teleop_robot/install/carlikebot/share/carlikebot/hook/cmake_prefix_path.dsv'
[5.156s] INFO:colcon.colcon_core.shell:Creating environment hook '/home/kuba/control_ws/src/teleop_robot/install/carlikebot/share/carlikebot/hook/cmake_prefix_path.sh'
[5.156s] Level 1:colcon.colcon_core.environment:checking '/home/kuba/control_ws/src/teleop_robot/install/carlikebot/lib'
[5.157s] Level 1:colcon.colcon_core.shell:create_environment_hook('carlikebot', 'ld_library_path_lib')
[5.157s] INFO:colcon.colcon_core.shell:Creating environment hook '/home/kuba/control_ws/src/teleop_robot/install/carlikebot/share/carlikebot/hook/ld_library_path_lib.ps1'
[5.157s] INFO:colcon.colcon_core.shell:Creating environment descriptor '/home/kuba/control_ws/src/teleop_robot/install/carlikebot/share/carlikebot/hook/ld_library_path_lib.dsv'
[5.158s] INFO:colcon.colcon_core.shell:Creating environment hook '/home/kuba/control_ws/src/teleop_robot/install/carlikebot/share/carlikebot/hook/ld_library_path_lib.sh'
[5.158s] Level 1:colcon.colcon_core.environment:checking '/home/kuba/control_ws/src/teleop_robot/install/carlikebot/bin'
[5.158s] Level 1:colcon.colcon_core.environment:checking '/home/kuba/control_ws/src/teleop_robot/install/carlikebot/lib/pkgconfig/carlikebot.pc'
[5.158s] Level 1:colcon.colcon_core.environment:checking '/home/kuba/control_ws/src/teleop_robot/install/carlikebot/lib/python3.10/site-packages'
[5.158s] Level 1:colcon.colcon_core.environment:checking '/home/kuba/control_ws/src/teleop_robot/install/carlikebot/bin'
[5.159s] INFO:colcon.colcon_core.shell:Creating package script '/home/kuba/control_ws/src/teleop_robot/install/carlikebot/share/carlikebot/package.ps1'
[5.159s] INFO:colcon.colcon_core.shell:Creating package descriptor '/home/kuba/control_ws/src/teleop_robot/install/carlikebot/share/carlikebot/package.dsv'
[5.160s] INFO:colcon.colcon_core.shell:Creating package script '/home/kuba/control_ws/src/teleop_robot/install/carlikebot/share/carlikebot/package.sh'
[5.160s] INFO:colcon.colcon_core.shell:Creating package script '/home/kuba/control_ws/src/teleop_robot/install/carlikebot/share/carlikebot/package.bash'
[5.161s] INFO:colcon.colcon_core.shell:Creating package script '/home/kuba/control_ws/src/teleop_robot/install/carlikebot/share/carlikebot/package.zsh'
[5.161s] Level 1:colcon.colcon_core.environment:create_file_with_runtime_dependencies(/home/kuba/control_ws/src/teleop_robot/install/carlikebot/share/colcon-core/packages/carlikebot)
[5.161s] INFO:colcon.colcon_ros.task.ament_cmake.build:Building ROS package in '/home/kuba/control_ws/src/teleop_robot/demos' with build type 'ament_cmake'
[5.162s] INFO:colcon.colcon_cmake.task.cmake.build:Building CMake package in '/home/kuba/control_ws/src/teleop_robot/demos'
[5.162s] INFO:colcon.colcon_core.shell:Skip shell extension 'powershell' for command environment: Not usable outside of PowerShell
[5.162s] DEBUG:colcon.colcon_core.shell:Skip shell extension 'dsv' for command environment
[5.176s] DEBUG:colcon.colcon_core.event_handler.log_command:Invoking command in '/home/kuba/control_ws/src/teleop_robot/build/ros2_control_demos': AMENT_PREFIX_PATH=/home/kuba/control_ws/src/teleop_robot/install/carlikebot:/home/kuba/control_ws/src/teleop_robot/install/ros2_control_demo_description:${AMENT_PREFIX_PATH} CMAKE_PREFIX_PATH=/home/kuba/control_ws/src/teleop_robot/install/carlikebot:/home/kuba/control_ws/src/teleop_robot/install/ros2_control_demo_description:/opt/ros/humble LD_LIBRARY_PATH=/home/kuba/control_ws/src/teleop_robot/install/carlikebot/lib:${LD_LIBRARY_PATH} /usr/bin/cmake /home/kuba/control_ws/src/teleop_robot/demos -DAMENT_CMAKE_SYMLINK_INSTALL=1 -DCMAKE_INSTALL_PREFIX=/home/kuba/control_ws/src/teleop_robot/install/ros2_control_demos
[5.841s] DEBUG:colcon.colcon_core.event_handler.log_command:Invoked command in '/home/kuba/control_ws/src/teleop_robot/build/ros2_control_demos' returned '0': AMENT_PREFIX_PATH=/home/kuba/control_ws/src/teleop_robot/install/carlikebot:/home/kuba/control_ws/src/teleop_robot/install/ros2_control_demo_description:${AMENT_PREFIX_PATH} CMAKE_PREFIX_PATH=/home/kuba/control_ws/src/teleop_robot/install/carlikebot:/home/kuba/control_ws/src/teleop_robot/install/ros2_control_demo_description:/opt/ros/humble LD_LIBRARY_PATH=/home/kuba/control_ws/src/teleop_robot/install/carlikebot/lib:${LD_LIBRARY_PATH} /usr/bin/cmake /home/kuba/control_ws/src/teleop_robot/demos -DAMENT_CMAKE_SYMLINK_INSTALL=1 -DCMAKE_INSTALL_PREFIX=/home/kuba/control_ws/src/teleop_robot/install/ros2_control_demos
[5.843s] DEBUG:colcon.colcon_core.event_handler.log_command:Invoking command in '/home/kuba/control_ws/src/teleop_robot/build/ros2_control_demos': AMENT_PREFIX_PATH=/home/kuba/control_ws/src/teleop_robot/install/carlikebot:/home/kuba/control_ws/src/teleop_robot/install/ros2_control_demo_description:${AMENT_PREFIX_PATH} CMAKE_PREFIX_PATH=/home/kuba/control_ws/src/teleop_robot/install/carlikebot:/home/kuba/control_ws/src/teleop_robot/install/ros2_control_demo_description:/opt/ros/humble LD_LIBRARY_PATH=/home/kuba/control_ws/src/teleop_robot/install/carlikebot/lib:${LD_LIBRARY_PATH} /usr/bin/cmake --build /home/kuba/control_ws/src/teleop_robot/build/ros2_control_demos -- -j8 -l8
[5.887s] DEBUG:colcon.colcon_core.event_handler.log_command:Invoked command in '/home/kuba/control_ws/src/teleop_robot/build/ros2_control_demos' returned '0': AMENT_PREFIX_PATH=/home/kuba/control_ws/src/teleop_robot/install/carlikebot:/home/kuba/control_ws/src/teleop_robot/install/ros2_control_demo_description:${AMENT_PREFIX_PATH} CMAKE_PREFIX_PATH=/home/kuba/control_ws/src/teleop_robot/install/carlikebot:/home/kuba/control_ws/src/teleop_robot/install/ros2_control_demo_description:/opt/ros/humble LD_LIBRARY_PATH=/home/kuba/control_ws/src/teleop_robot/install/carlikebot/lib:${LD_LIBRARY_PATH} /usr/bin/cmake --build /home/kuba/control_ws/src/teleop_robot/build/ros2_control_demos -- -j8 -l8
[5.914s] DEBUG:colcon.colcon_core.event_handler.log_command:Invoking command in '/home/kuba/control_ws/src/teleop_robot/build/ros2_control_demos': AMENT_PREFIX_PATH=/home/kuba/control_ws/src/teleop_robot/install/carlikebot:/home/kuba/control_ws/src/teleop_robot/install/ros2_control_demo_description:${AMENT_PREFIX_PATH} CMAKE_PREFIX_PATH=/home/kuba/control_ws/src/teleop_robot/install/carlikebot:/home/kuba/control_ws/src/teleop_robot/install/ros2_control_demo_description:/opt/ros/humble LD_LIBRARY_PATH=/home/kuba/control_ws/src/teleop_robot/install/carlikebot/lib:${LD_LIBRARY_PATH} /usr/bin/cmake --install /home/kuba/control_ws/src/teleop_robot/build/ros2_control_demos
[6.069s] Level 1:colcon.colcon_core.environment:create_environment_scripts_only(ros2_control_demos)
[6.069s] Level 1:colcon.colcon_core.environment:checking '/home/kuba/control_ws/src/teleop_robot/install/ros2_control_demos' for CMake module files
[6.070s] DEBUG:colcon.colcon_core.event_handler.log_command:Invoked command in '/home/kuba/control_ws/src/teleop_robot/build/ros2_control_demos' returned '0': AMENT_PREFIX_PATH=/home/kuba/control_ws/src/teleop_robot/install/carlikebot:/home/kuba/control_ws/src/teleop_robot/install/ros2_control_demo_description:${AMENT_PREFIX_PATH} CMAKE_PREFIX_PATH=/home/kuba/control_ws/src/teleop_robot/install/carlikebot:/home/kuba/control_ws/src/teleop_robot/install/ros2_control_demo_description:/opt/ros/humble LD_LIBRARY_PATH=/home/kuba/control_ws/src/teleop_robot/install/carlikebot/lib:${LD_LIBRARY_PATH} /usr/bin/cmake --install /home/kuba/control_ws/src/teleop_robot/build/ros2_control_demos
[6.070s] Level 1:colcon.colcon_core.environment:checking '/home/kuba/control_ws/src/teleop_robot/install/ros2_control_demos' for CMake config files
[6.070s] Level 1:colcon.colcon_core.shell:create_environment_hook('ros2_control_demos', 'cmake_prefix_path')
[6.071s] INFO:colcon.colcon_core.shell:Creating environment hook '/home/kuba/control_ws/src/teleop_robot/install/ros2_control_demos/share/ros2_control_demos/hook/cmake_prefix_path.ps1'
[6.071s] INFO:colcon.colcon_core.shell:Creating environment descriptor '/home/kuba/control_ws/src/teleop_robot/install/ros2_control_demos/share/ros2_control_demos/hook/cmake_prefix_path.dsv'
[6.071s] INFO:colcon.colcon_core.shell:Creating environment hook '/home/kuba/control_ws/src/teleop_robot/install/ros2_control_demos/share/ros2_control_demos/hook/cmake_prefix_path.sh'
[6.072s] Level 1:colcon.colcon_core.environment:checking '/home/kuba/control_ws/src/teleop_robot/install/ros2_control_demos/bin'
[6.072s] Level 1:colcon.colcon_core.environment:checking '/home/kuba/control_ws/src/teleop_robot/install/ros2_control_demos/lib/pkgconfig/ros2_control_demos.pc'
[6.072s] Level 1:colcon.colcon_core.environment:checking '/home/kuba/control_ws/src/teleop_robot/install/ros2_control_demos/lib/python3.10/site-packages'
[6.072s] Level 1:colcon.colcon_core.environment:checking '/home/kuba/control_ws/src/teleop_robot/install/ros2_control_demos/bin'
[6.073s] INFO:colcon.colcon_core.shell:Creating package script '/home/kuba/control_ws/src/teleop_robot/install/ros2_control_demos/share/ros2_control_demos/package.ps1'
[6.073s] INFO:colcon.colcon_core.shell:Creating package descriptor '/home/kuba/control_ws/src/teleop_robot/install/ros2_control_demos/share/ros2_control_demos/package.dsv'
[6.074s] INFO:colcon.colcon_core.shell:Creating package script '/home/kuba/control_ws/src/teleop_robot/install/ros2_control_demos/share/ros2_control_demos/package.sh'
[6.074s] INFO:colcon.colcon_core.shell:Creating package script '/home/kuba/control_ws/src/teleop_robot/install/ros2_control_demos/share/ros2_control_demos/package.bash'
[6.074s] INFO:colcon.colcon_core.shell:Creating package script '/home/kuba/control_ws/src/teleop_robot/install/ros2_control_demos/share/ros2_control_demos/package.zsh'
[6.075s] Level 1:colcon.colcon_core.environment:create_file_with_runtime_dependencies(/home/kuba/control_ws/src/teleop_robot/install/ros2_control_demos/share/colcon-core/packages/ros2_control_demos)
[6.099s] Level 1:colcon.colcon_core.environment:create_environment_scripts_only(ros2_control_demos)
[6.099s] Level 1:colcon.colcon_core.environment:checking '/home/kuba/control_ws/src/teleop_robot/install/ros2_control_demos' for CMake module files
[6.099s] Level 1:colcon.colcon_core.environment:checking '/home/kuba/control_ws/src/teleop_robot/install/ros2_control_demos' for CMake config files
[6.100s] Level 1:colcon.colcon_core.shell:create_environment_hook('ros2_control_demos', 'cmake_prefix_path')
[6.100s] INFO:colcon.colcon_core.shell:Creating environment hook '/home/kuba/control_ws/src/teleop_robot/install/ros2_control_demos/share/ros2_control_demos/hook/cmake_prefix_path.ps1'
[6.100s] INFO:colcon.colcon_core.shell:Creating environment descriptor '/home/kuba/control_ws/src/teleop_robot/install/ros2_control_demos/share/ros2_control_demos/hook/cmake_prefix_path.dsv'
[6.101s] INFO:colcon.colcon_core.shell:Creating environment hook '/home/kuba/control_ws/src/teleop_robot/install/ros2_control_demos/share/ros2_control_demos/hook/cmake_prefix_path.sh'
[6.101s] Level 1:colcon.colcon_core.environment:checking '/home/kuba/control_ws/src/teleop_robot/install/ros2_control_demos/bin'
[6.101s] Level 1:colcon.colcon_core.environment:checking '/home/kuba/control_ws/src/teleop_robot/install/ros2_control_demos/lib/pkgconfig/ros2_control_demos.pc'
[6.102s] Level 1:colcon.colcon_core.environment:checking '/home/kuba/control_ws/src/teleop_robot/install/ros2_control_demos/lib/python3.10/site-packages'
[6.102s] Level 1:colcon.colcon_core.environment:checking '/home/kuba/control_ws/src/teleop_robot/install/ros2_control_demos/bin'
[6.102s] INFO:colcon.colcon_core.shell:Creating package script '/home/kuba/control_ws/src/teleop_robot/install/ros2_control_demos/share/ros2_control_demos/package.ps1'
[6.103s] INFO:colcon.colcon_core.shell:Creating package descriptor '/home/kuba/control_ws/src/teleop_robot/install/ros2_control_demos/share/ros2_control_demos/package.dsv'
[6.103s] INFO:colcon.colcon_core.shell:Creating package script '/home/kuba/control_ws/src/teleop_robot/install/ros2_control_demos/share/ros2_control_demos/package.sh'
[6.103s] INFO:colcon.colcon_core.shell:Creating package script '/home/kuba/control_ws/src/teleop_robot/install/ros2_control_demos/share/ros2_control_demos/package.bash'
[6.104s] INFO:colcon.colcon_core.shell:Creating package script '/home/kuba/control_ws/src/teleop_robot/install/ros2_control_demos/share/ros2_control_demos/package.zsh'
[6.104s] Level 1:colcon.colcon_core.environment:create_file_with_runtime_dependencies(/home/kuba/control_ws/src/teleop_robot/install/ros2_control_demos/share/colcon-core/packages/ros2_control_demos)
[6.104s] DEBUG:colcon.colcon_parallel_executor.executor.parallel:closing loop
[6.105s] DEBUG:colcon.colcon_parallel_executor.executor.parallel:loop closed
[6.105s] DEBUG:colcon.colcon_parallel_executor.executor.parallel:run_until_complete finished with '0'
[6.105s] DEBUG:colcon.colcon_core.event_reactor:joining thread
[6.110s] INFO:colcon.colcon_core.plugin_system:Skipping extension 'colcon_notification.desktop_notification.terminal_notifier': Not used on non-Darwin systems
[6.110s] INFO:colcon.colcon_core.plugin_system:Skipping extension 'colcon_notification.desktop_notification.win32': Not used on non-Windows systems
[6.110s] INFO:colcon.colcon_notification.desktop_notification:Sending desktop notification using 'notify2'
[6.124s] DEBUG:colcon.colcon_core.event_reactor:joined thread
[6.124s] INFO:colcon.colcon_core.shell:Creating prefix script '/home/kuba/control_ws/src/teleop_robot/install/local_setup.ps1'
[6.125s] INFO:colcon.colcon_core.shell:Creating prefix util module '/home/kuba/control_ws/src/teleop_robot/install/_local_setup_util_ps1.py'
[6.126s] INFO:colcon.colcon_core.shell:Creating prefix chain script '/home/kuba/control_ws/src/teleop_robot/install/setup.ps1'
[6.127s] INFO:colcon.colcon_core.shell:Creating prefix script '/home/kuba/control_ws/src/teleop_robot/install/local_setup.sh'
[6.128s] INFO:colcon.colcon_core.shell:Creating prefix util module '/home/kuba/control_ws/src/teleop_robot/install/_local_setup_util_sh.py'
[6.129s] INFO:colcon.colcon_core.shell:Creating prefix chain script '/home/kuba/control_ws/src/teleop_robot/install/setup.sh'
[6.130s] INFO:colcon.colcon_core.shell:Creating prefix script '/home/kuba/control_ws/src/teleop_robot/install/local_setup.bash'
[6.131s] INFO:colcon.colcon_core.shell:Creating prefix chain script '/home/kuba/control_ws/src/teleop_robot/install/setup.bash'
[6.132s] INFO:colcon.colcon_core.shell:Creating prefix script '/home/kuba/control_ws/src/teleop_robot/install/local_setup.zsh'
[6.133s] INFO:colcon.colcon_core.shell:Creating prefix chain script '/home/kuba/control_ws/src/teleop_robot/install/setup.zsh'
