[0.131s] DEBUG:colcon:Command line arguments: ['/usr/bin/colcon', 'build', '--symlink-install']
[0.131s] DEBUG:colcon:Parsed command line arguments: Namespace(log_base=None, log_level=None, verb_name='build', build_base='build', install_base='install', merge_install=False, symlink_install=True, test_result_base=None, continue_on_error=False, executor='parallel', parallel_workers=8, event_handlers=None, ignore_user_meta=False, metas=['./colcon.meta'], base_paths=['.'], packages_ignore=None, packages_ignore_regex=None, paths=None, packages_up_to=None, packages_up_to_regex=None, packages_above=None, packages_above_and_dependencies=None, packages_above_depth=None, packages_select_by_dep=None, packages_skip_by_dep=None, packages_skip_up_to=None, packages_select_build_failed=False, packages_skip_build_finished=False, packages_select_test_failures=False, packages_skip_test_passed=False, packages_select=None, packages_skip=None, packages_select_regex=None, packages_skip_regex=None, packages_start=None, packages_end=None, allow_overriding=[], cmake_args=None, cmake_target=None, cmake_target_skip_unavailable=False, cmake_clean_cache=False, cmake_clean_first=False, cmake_force_configure=False, ament_cmake_args=None, catkin_cmake_args=None, catkin_skip_building_tests=False, mixin_files=None, mixin=None, verb_parser=<colcon_mixin.mixin.mixin_argument.MixinArgumentDecorator object at 0x70d58e14ace0>, verb_extension=<colcon_core.verb.build.BuildVerb object at 0x70d58e14a740>, main=<bound method BuildVerb.main of <colcon_core.verb.build.BuildVerb object at 0x70d58e14a740>>, mixin_verb=('build',))
[0.336s] Level 1:colcon.colcon_core.package_discovery:discover_packages(colcon_meta) check parameters
[0.336s] Level 1:colcon.colcon_core.package_discovery:discover_packages(recursive) check parameters
[0.336s] Level 1:colcon.colcon_core.package_discovery:discover_packages(ignore) check parameters
[0.336s] Level 1:colcon.colcon_core.package_discovery:discover_packages(path) check parameters
[0.336s] Level 1:colcon.colcon_core.package_discovery:discover_packages(colcon_meta) discover
[0.336s] Level 1:colcon.colcon_core.package_discovery:discover_packages(recursive) discover
[0.336s] INFO:colcon.colcon_core.package_discovery:Crawling recursively for packages in '/home/kuba/control_ws/src/teleop_robot'
[0.336s] Level 1:colcon.colcon_core.package_identification:_identify(.) by extensions ['ignore', 'ignore_ament_install']
[0.336s] Level 1:colcon.colcon_core.package_identification:_identify(.) by extension 'ignore'
[0.336s] Level 1:colcon.colcon_core.package_identification:_identify(.) by extension 'ignore_ament_install'
[0.337s] Level 1:colcon.colcon_core.package_identification:_identify(.) by extensions ['colcon_pkg']
[0.337s] Level 1:colcon.colcon_core.package_identification:_identify(.) by extension 'colcon_pkg'
[0.337s] Level 1:colcon.colcon_core.package_identification:_identify(.) by extensions ['colcon_meta']
[0.337s] Level 1:colcon.colcon_core.package_identification:_identify(.) by extension 'colcon_meta'
[0.337s] Level 1:colcon.colcon_core.package_identification:_identify(.) by extensions ['ros']
[0.337s] Level 1:colcon.colcon_core.package_identification:_identify(.) by extension 'ros'
[0.348s] Level 1:colcon.colcon_core.package_identification:_identify(.) by extensions ['cmake', 'python']
[0.348s] Level 1:colcon.colcon_core.package_identification:_identify(.) by extension 'cmake'
[0.348s] Level 1:colcon.colcon_core.package_identification:_identify(.) by extension 'python'
[0.348s] Level 1:colcon.colcon_core.package_identification:_identify(.) by extensions ['python_setup_py']
[0.348s] Level 1:colcon.colcon_core.package_identification:_identify(.) by extension 'python_setup_py'
[0.348s] Level 1:colcon.colcon_core.package_identification:_identify(bot) by extensions ['ignore', 'ignore_ament_install']
[0.348s] Level 1:colcon.colcon_core.package_identification:_identify(bot) by extension 'ignore'
[0.348s] Level 1:colcon.colcon_core.package_identification:_identify(bot) by extension 'ignore_ament_install'
[0.348s] Level 1:colcon.colcon_core.package_identification:_identify(bot) by extensions ['colcon_pkg']
[0.349s] Level 1:colcon.colcon_core.package_identification:_identify(bot) by extension 'colcon_pkg'
[0.349s] Level 1:colcon.colcon_core.package_identification:_identify(bot) by extensions ['colcon_meta']
[0.349s] Level 1:colcon.colcon_core.package_identification:_identify(bot) by extension 'colcon_meta'
[0.349s] Level 1:colcon.colcon_core.package_identification:_identify(bot) by extensions ['ros']
[0.349s] Level 1:colcon.colcon_core.package_identification:_identify(bot) by extension 'ros'
[0.352s] DEBUG:colcon.colcon_core.package_identification:Package 'bot' with type 'ros.ament_cmake' and name 'carlikebot'
[0.352s] Level 1:colcon.colcon_core.package_identification:_identify(build) by extensions ['ignore', 'ignore_ament_install']
[0.352s] Level 1:colcon.colcon_core.package_identification:_identify(build) by extension 'ignore'
[0.352s] Level 1:colcon.colcon_core.package_identification:_identify(build) ignored
[0.352s] Level 1:colcon.colcon_core.package_identification:_identify(demos) by extensions ['ignore', 'ignore_ament_install']
[0.353s] Level 1:colcon.colcon_core.package_identification:_identify(demos) by extension 'ignore'
[0.353s] Level 1:colcon.colcon_core.package_identification:_identify(demos) by extension 'ignore_ament_install'
[0.353s] Level 1:colcon.colcon_core.package_identification:_identify(demos) by extensions ['colcon_pkg']
[0.353s] Level 1:colcon.colcon_core.package_identification:_identify(demos) by extension 'colcon_pkg'
[0.353s] Level 1:colcon.colcon_core.package_identification:_identify(demos) by extensions ['colcon_meta']
[0.353s] Level 1:colcon.colcon_core.package_identification:_identify(demos) by extension 'colcon_meta'
[0.353s] Level 1:colcon.colcon_core.package_identification:_identify(demos) by extensions ['ros']
[0.353s] Level 1:colcon.colcon_core.package_identification:_identify(demos) by extension 'ros'
[0.354s] DEBUG:colcon.colcon_core.package_identification:Package 'demos' with type 'ros.ament_cmake' and name 'ros2_control_demos'
[0.354s] Level 1:colcon.colcon_core.package_identification:_identify(description) by extensions ['ignore', 'ignore_ament_install']
[0.354s] Level 1:colcon.colcon_core.package_identification:_identify(description) by extension 'ignore'
[0.354s] Level 1:colcon.colcon_core.package_identification:_identify(description) by extension 'ignore_ament_install'
[0.354s] Level 1:colcon.colcon_core.package_identification:_identify(description) by extensions ['colcon_pkg']
[0.354s] Level 1:colcon.colcon_core.package_identification:_identify(description) by extension 'colcon_pkg'
[0.354s] Level 1:colcon.colcon_core.package_identification:_identify(description) by extensions ['colcon_meta']
[0.354s] Level 1:colcon.colcon_core.package_identification:_identify(description) by extension 'colcon_meta'
[0.354s] Level 1:colcon.colcon_core.package_identification:_identify(description) by extensions ['ros']
[0.354s] Level 1:colcon.colcon_core.package_identification:_identify(description) by extension 'ros'
[0.355s] DEBUG:colcon.colcon_core.package_identification:Package 'description' with type 'ros.ament_cmake' and name 'ros2_control_demo_description'
[0.355s] Level 1:colcon.colcon_core.package_identification:_identify(install) by extensions ['ignore', 'ignore_ament_install']
[0.355s] Level 1:colcon.colcon_core.package_identification:_identify(install) by extension 'ignore'
[0.355s] Level 1:colcon.colcon_core.package_identification:_identify(install) ignored
[0.355s] Level 1:colcon.colcon_core.package_identification:_identify(log) by extensions ['ignore', 'ignore_ament_install']
[0.355s] Level 1:colcon.colcon_core.package_identification:_identify(log) by extension 'ignore'
[0.355s] Level 1:colcon.colcon_core.package_identification:_identify(log) ignored
[0.355s] Level 1:colcon.colcon_core.package_discovery:discover_packages(recursive) using defaults
[0.356s] Level 1:colcon.colcon_core.package_discovery:discover_packages(ignore) discover
[0.356s] Level 1:colcon.colcon_core.package_discovery:discover_packages(ignore) using defaults
[0.356s] Level 1:colcon.colcon_core.package_discovery:discover_packages(path) discover
[0.356s] Level 1:colcon.colcon_core.package_discovery:discover_packages(path) using defaults
[0.387s] Level 1:colcon.colcon_core.package_discovery:discover_packages(prefix_path) check parameters
[0.388s] Level 1:colcon.colcon_core.package_discovery:discover_packages(prefix_path) discover
[0.391s] DEBUG:colcon.colcon_installed_package_information.package_discovery:Found 334 installed packages in /opt/ros/humble
[0.393s] Level 1:colcon.colcon_core.package_discovery:discover_packages(prefix_path) using defaults
[0.445s] Level 5:colcon.colcon_core.verb:set package 'ros2_control_demo_description' build argument 'cmake_args' from command line to 'None'
[0.445s] Level 5:colcon.colcon_core.verb:set package 'ros2_control_demo_description' build argument 'cmake_target' from command line to 'None'
[0.445s] Level 5:colcon.colcon_core.verb:set package 'ros2_control_demo_description' build argument 'cmake_target_skip_unavailable' from command line to 'False'
[0.446s] Level 5:colcon.colcon_core.verb:set package 'ros2_control_demo_description' build argument 'cmake_clean_cache' from command line to 'False'
[0.446s] Level 5:colcon.colcon_core.verb:set package 'ros2_control_demo_description' build argument 'cmake_clean_first' from command line to 'False'
[0.446s] Level 5:colcon.colcon_core.verb:set package 'ros2_control_demo_description' build argument 'cmake_force_configure' from command line to 'False'
[0.446s] Level 5:colcon.colcon_core.verb:set package 'ros2_control_demo_description' build argument 'ament_cmake_args' from command line to 'None'
[0.446s] Level 5:colcon.colcon_core.verb:set package 'ros2_control_demo_description' build argument 'catkin_cmake_args' from command line to 'None'
[0.446s] Level 5:colcon.colcon_core.verb:set package 'ros2_control_demo_description' build argument 'catkin_skip_building_tests' from command line to 'False'
[0.446s] DEBUG:colcon.colcon_core.verb:Building package 'ros2_control_demo_description' with the following arguments: {'ament_cmake_args': None, 'build_base': '/home/kuba/control_ws/src/teleop_robot/build/ros2_control_demo_description', 'catkin_cmake_args': None, 'catkin_skip_building_tests': False, 'cmake_args': None, 'cmake_clean_cache': False, 'cmake_clean_first': False, 'cmake_force_configure': False, 'cmake_target': None, 'cmake_target_skip_unavailable': False, 'install_base': '/home/kuba/control_ws/src/teleop_robot/install/ros2_control_demo_description', 'merge_install': False, 'path': '/home/kuba/control_ws/src/teleop_robot/description', 'symlink_install': True, 'test_result_base': None}
[0.446s] Level 5:colcon.colcon_core.verb:set package 'carlikebot' build argument 'cmake_args' from command line to 'None'
[0.447s] Level 5:colcon.colcon_core.verb:set package 'carlikebot' build argument 'cmake_target' from command line to 'None'
[0.447s] Level 5:colcon.colcon_core.verb:set package 'carlikebot' build argument 'cmake_target_skip_unavailable' from command line to 'False'
[0.447s] Level 5:colcon.colcon_core.verb:set package 'carlikebot' build argument 'cmake_clean_cache' from command line to 'False'
[0.447s] Level 5:colcon.colcon_core.verb:set package 'carlikebot' build argument 'cmake_clean_first' from command line to 'False'
[0.447s] Level 5:colcon.colcon_core.verb:set package 'carlikebot' build argument 'cmake_force_configure' from command line to 'False'
[0.447s] Level 5:colcon.colcon_core.verb:set package 'carlikebot' build argument 'ament_cmake_args' from command line to 'None'
[0.447s] Level 5:colcon.colcon_core.verb:set package 'carlikebot' build argument 'catkin_cmake_args' from command line to 'None'
[0.447s] Level 5:colcon.colcon_core.verb:set package 'carlikebot' build argument 'catkin_skip_building_tests' from command line to 'False'
[0.447s] DEBUG:colcon.colcon_core.verb:Building package 'carlikebot' with the following arguments: {'ament_cmake_args': None, 'build_base': '/home/kuba/control_ws/src/teleop_robot/build/carlikebot', 'catkin_cmake_args': None, 'catkin_skip_building_tests': False, 'cmake_args': None, 'cmake_clean_cache': False, 'cmake_clean_first': False, 'cmake_force_configure': False, 'cmake_target': None, 'cmake_target_skip_unavailable': False, 'install_base': '/home/kuba/control_ws/src/teleop_robot/install/carlikebot', 'merge_install': False, 'path': '/home/kuba/control_ws/src/teleop_robot/bot', 'symlink_install': True, 'test_result_base': None}
[0.447s] Level 5:colcon.colcon_core.verb:set package 'ros2_control_demos' build argument 'cmake_args' from command line to 'None'
[0.447s] Level 5:colcon.colcon_core.verb:set package 'ros2_control_demos' build argument 'cmake_target' from command line to 'None'
[0.447s] Level 5:colcon.colcon_core.verb:set package 'ros2_control_demos' build argument 'cmake_target_skip_unavailable' from command line to 'False'
[0.447s] Level 5:colcon.colcon_core.verb:set package 'ros2_control_demos' build argument 'cmake_clean_cache' from command line to 'False'
[0.447s] Level 5:colcon.colcon_core.verb:set package 'ros2_control_demos' build argument 'cmake_clean_first' from command line to 'False'
[0.447s] Level 5:colcon.colcon_core.verb:set package 'ros2_control_demos' build argument 'cmake_force_configure' from command line to 'False'
[0.447s] Level 5:colcon.colcon_core.verb:set package 'ros2_control_demos' build argument 'ament_cmake_args' from command line to 'None'
[0.447s] Level 5:colcon.colcon_core.verb:set package 'ros2_control_demos' build argument 'catkin_cmake_args' from command line to 'None'
[0.447s] Level 5:colcon.colcon_core.verb:set package 'ros2_control_demos' build argument 'catkin_skip_building_tests' from command line to 'False'
[0.448s] DEBUG:colcon.colcon_core.verb:Building package 'ros2_control_demos' with the following arguments: {'ament_cmake_args': None, 'build_base': '/home/kuba/control_ws/src/teleop_robot/build/ros2_control_demos', 'catkin_cmake_args': None, 'catkin_skip_building_tests': False, 'cmake_args': None, 'cmake_clean_cache': False, 'cmake_clean_first': False, 'cmake_force_configure': False, 'cmake_target': None, 'cmake_target_skip_unavailable': False, 'install_base': '/home/kuba/control_ws/src/teleop_robot/install/ros2_control_demos', 'merge_install': False, 'path': '/home/kuba/control_ws/src/teleop_robot/demos', 'symlink_install': True, 'test_result_base': None}
[0.448s] INFO:colcon.colcon_core.executor:Executing jobs using 'parallel' executor
[0.449s] DEBUG:colcon.colcon_parallel_executor.executor.parallel:run_until_complete
[0.449s] INFO:colcon.colcon_ros.task.ament_cmake.build:Building ROS package in '/home/kuba/control_ws/src/teleop_robot/description' with build type 'ament_cmake'
[0.449s] INFO:colcon.colcon_cmake.task.cmake.build:Building CMake package in '/home/kuba/control_ws/src/teleop_robot/description'
[0.451s] INFO:colcon.colcon_core.plugin_system:Skipping extension 'colcon_core.shell.bat': Not used on non-Windows systems
[0.452s] INFO:colcon.colcon_core.shell:Skip shell extension 'powershell' for command environment: Not usable outside of PowerShell
[0.452s] DEBUG:colcon.colcon_core.shell:Skip shell extension 'dsv' for command environment
[0.464s] DEBUG:colcon.colcon_core.event_handler.log_command:Invoking command in '/home/kuba/control_ws/src/teleop_robot/build/ros2_control_demo_description': CMAKE_PREFIX_PATH=/opt/ros/humble /usr/bin/cmake --build /home/kuba/control_ws/src/teleop_robot/build/ros2_control_demo_description -- -j8 -l8
[0.505s] DEBUG:colcon.colcon_core.event_handler.log_command:Invoked command in '/home/kuba/control_ws/src/teleop_robot/build/ros2_control_demo_description' returned '0': CMAKE_PREFIX_PATH=/opt/ros/humble /usr/bin/cmake --build /home/kuba/control_ws/src/teleop_robot/build/ros2_control_demo_description -- -j8 -l8
[0.540s] DEBUG:colcon.colcon_core.event_handler.log_command:Invoking command in '/home/kuba/control_ws/src/teleop_robot/build/ros2_control_demo_description': CMAKE_PREFIX_PATH=/opt/ros/humble /usr/bin/cmake --install /home/kuba/control_ws/src/teleop_robot/build/ros2_control_demo_description
[0.564s] Level 1:colcon.colcon_core.environment:create_environment_scripts_only(ros2_control_demo_description)
[0.565s] DEBUG:colcon.colcon_core.event_handler.log_command:Invoked command in '/home/kuba/control_ws/src/teleop_robot/build/ros2_control_demo_description' returned '0': CMAKE_PREFIX_PATH=/opt/ros/humble /usr/bin/cmake --install /home/kuba/control_ws/src/teleop_robot/build/ros2_control_demo_description
[0.567s] Level 1:colcon.colcon_core.environment:checking '/home/kuba/control_ws/src/teleop_robot/install/ros2_control_demo_description' for CMake module files
[0.567s] Level 1:colcon.colcon_core.environment:checking '/home/kuba/control_ws/src/teleop_robot/install/ros2_control_demo_description' for CMake config files
[0.568s] Level 1:colcon.colcon_core.shell:create_environment_hook('ros2_control_demo_description', 'cmake_prefix_path')
[0.568s] INFO:colcon.colcon_core.shell:Creating environment hook '/home/kuba/control_ws/src/teleop_robot/install/ros2_control_demo_description/share/ros2_control_demo_description/hook/cmake_prefix_path.ps1'
[0.569s] INFO:colcon.colcon_core.shell:Creating environment descriptor '/home/kuba/control_ws/src/teleop_robot/install/ros2_control_demo_description/share/ros2_control_demo_description/hook/cmake_prefix_path.dsv'
[0.570s] INFO:colcon.colcon_core.shell:Creating environment hook '/home/kuba/control_ws/src/teleop_robot/install/ros2_control_demo_description/share/ros2_control_demo_description/hook/cmake_prefix_path.sh'
[0.571s] Level 1:colcon.colcon_core.environment:checking '/home/kuba/control_ws/src/teleop_robot/install/ros2_control_demo_description/bin'
[0.571s] Level 1:colcon.colcon_core.environment:checking '/home/kuba/control_ws/src/teleop_robot/install/ros2_control_demo_description/lib/pkgconfig/ros2_control_demo_description.pc'
[0.571s] Level 1:colcon.colcon_core.environment:checking '/home/kuba/control_ws/src/teleop_robot/install/ros2_control_demo_description/lib/python3.10/site-packages'
[0.572s] Level 1:colcon.colcon_core.environment:checking '/home/kuba/control_ws/src/teleop_robot/install/ros2_control_demo_description/bin'
[0.572s] INFO:colcon.colcon_core.shell:Creating package script '/home/kuba/control_ws/src/teleop_robot/install/ros2_control_demo_description/share/ros2_control_demo_description/package.ps1'
[0.573s] INFO:colcon.colcon_core.shell:Creating package descriptor '/home/kuba/control_ws/src/teleop_robot/install/ros2_control_demo_description/share/ros2_control_demo_description/package.dsv'
[0.574s] INFO:colcon.colcon_core.shell:Creating package script '/home/kuba/control_ws/src/teleop_robot/install/ros2_control_demo_description/share/ros2_control_demo_description/package.sh'
[0.575s] INFO:colcon.colcon_core.shell:Creating package script '/home/kuba/control_ws/src/teleop_robot/install/ros2_control_demo_description/share/ros2_control_demo_description/package.bash'
[0.575s] INFO:colcon.colcon_core.shell:Creating package script '/home/kuba/control_ws/src/teleop_robot/install/ros2_control_demo_description/share/ros2_control_demo_description/package.zsh'
[0.576s] Level 1:colcon.colcon_core.environment:create_file_with_runtime_dependencies(/home/kuba/control_ws/src/teleop_robot/install/ros2_control_demo_description/share/colcon-core/packages/ros2_control_demo_description)
[0.600s] Level 1:colcon.colcon_core.environment:create_environment_scripts_only(ros2_control_demo_description)
[0.601s] Level 1:colcon.colcon_core.environment:checking '/home/kuba/control_ws/src/teleop_robot/install/ros2_control_demo_description' for CMake module files
[0.601s] Level 1:colcon.colcon_core.environment:checking '/home/kuba/control_ws/src/teleop_robot/install/ros2_control_demo_description' for CMake config files
[0.602s] Level 1:colcon.colcon_core.shell:create_environment_hook('ros2_control_demo_description', 'cmake_prefix_path')
[0.602s] INFO:colcon.colcon_core.shell:Creating environment hook '/home/kuba/control_ws/src/teleop_robot/install/ros2_control_demo_description/share/ros2_control_demo_description/hook/cmake_prefix_path.ps1'
[0.603s] INFO:colcon.colcon_core.shell:Creating environment descriptor '/home/kuba/control_ws/src/teleop_robot/install/ros2_control_demo_description/share/ros2_control_demo_description/hook/cmake_prefix_path.dsv'
[0.603s] INFO:colcon.colcon_core.shell:Creating environment hook '/home/kuba/control_ws/src/teleop_robot/install/ros2_control_demo_description/share/ros2_control_demo_description/hook/cmake_prefix_path.sh'
[0.604s] Level 1:colcon.colcon_core.environment:checking '/home/kuba/control_ws/src/teleop_robot/install/ros2_control_demo_description/bin'
[0.604s] Level 1:colcon.colcon_core.environment:checking '/home/kuba/control_ws/src/teleop_robot/install/ros2_control_demo_description/lib/pkgconfig/ros2_control_demo_description.pc'
[0.604s] Level 1:colcon.colcon_core.environment:checking '/home/kuba/control_ws/src/teleop_robot/install/ros2_control_demo_description/lib/python3.10/site-packages'
[0.604s] Level 1:colcon.colcon_core.environment:checking '/home/kuba/control_ws/src/teleop_robot/install/ros2_control_demo_description/bin'
[0.605s] INFO:colcon.colcon_core.shell:Creating package script '/home/kuba/control_ws/src/teleop_robot/install/ros2_control_demo_description/share/ros2_control_demo_description/package.ps1'
[0.605s] INFO:colcon.colcon_core.shell:Creating package descriptor '/home/kuba/control_ws/src/teleop_robot/install/ros2_control_demo_description/share/ros2_control_demo_description/package.dsv'
[0.606s] INFO:colcon.colcon_core.shell:Creating package script '/home/kuba/control_ws/src/teleop_robot/install/ros2_control_demo_description/share/ros2_control_demo_description/package.sh'
[0.607s] INFO:colcon.colcon_core.shell:Creating package script '/home/kuba/control_ws/src/teleop_robot/install/ros2_control_demo_description/share/ros2_control_demo_description/package.bash'
[0.607s] INFO:colcon.colcon_core.shell:Creating package script '/home/kuba/control_ws/src/teleop_robot/install/ros2_control_demo_description/share/ros2_control_demo_description/package.zsh'
[0.608s] Level 1:colcon.colcon_core.environment:create_file_with_runtime_dependencies(/home/kuba/control_ws/src/teleop_robot/install/ros2_control_demo_description/share/colcon-core/packages/ros2_control_demo_description)
[0.608s] INFO:colcon.colcon_ros.task.ament_cmake.build:Building ROS package in '/home/kuba/control_ws/src/teleop_robot/bot' with build type 'ament_cmake'
[0.608s] INFO:colcon.colcon_cmake.task.cmake.build:Building CMake package in '/home/kuba/control_ws/src/teleop_robot/bot'
[0.609s] INFO:colcon.colcon_core.shell:Skip shell extension 'powershell' for command environment: Not usable outside of PowerShell
[0.609s] DEBUG:colcon.colcon_core.shell:Skip shell extension 'dsv' for command environment
[0.619s] DEBUG:colcon.colcon_core.event_handler.log_command:Invoking command in '/home/kuba/control_ws/src/teleop_robot/build/carlikebot': AMENT_PREFIX_PATH=/home/kuba/control_ws/src/teleop_robot/install/ros2_control_demo_description:${AMENT_PREFIX_PATH} CMAKE_PREFIX_PATH=/home/kuba/control_ws/src/teleop_robot/install/ros2_control_demo_description:/opt/ros/humble /usr/bin/cmake /home/kuba/control_ws/src/teleop_robot/bot -DAMENT_CMAKE_SYMLINK_INSTALL=1 -DCMAKE_INSTALL_PREFIX=/home/kuba/control_ws/src/teleop_robot/install/carlikebot
[2.411s] DEBUG:colcon.colcon_core.event_handler.log_command:Invoked command in '/home/kuba/control_ws/src/teleop_robot/build/carlikebot' returned '0': AMENT_PREFIX_PATH=/home/kuba/control_ws/src/teleop_robot/install/ros2_control_demo_description:${AMENT_PREFIX_PATH} CMAKE_PREFIX_PATH=/home/kuba/control_ws/src/teleop_robot/install/ros2_control_demo_description:/opt/ros/humble /usr/bin/cmake /home/kuba/control_ws/src/teleop_robot/bot -DAMENT_CMAKE_SYMLINK_INSTALL=1 -DCMAKE_INSTALL_PREFIX=/home/kuba/control_ws/src/teleop_robot/install/carlikebot
[2.413s] DEBUG:colcon.colcon_core.event_handler.log_command:Invoking command in '/home/kuba/control_ws/src/teleop_robot/build/carlikebot': AMENT_PREFIX_PATH=/home/kuba/control_ws/src/teleop_robot/install/ros2_control_demo_description:${AMENT_PREFIX_PATH} CMAKE_PREFIX_PATH=/home/kuba/control_ws/src/teleop_robot/install/ros2_control_demo_description:/opt/ros/humble /usr/bin/cmake --build /home/kuba/control_ws/src/teleop_robot/build/carlikebot -- -j8 -l8
[2.483s] DEBUG:colcon.colcon_core.event_handler.log_command:Invoked command in '/home/kuba/control_ws/src/teleop_robot/build/carlikebot' returned '2': AMENT_PREFIX_PATH=/home/kuba/control_ws/src/teleop_robot/install/ros2_control_demo_description:${AMENT_PREFIX_PATH} CMAKE_PREFIX_PATH=/home/kuba/control_ws/src/teleop_robot/install/ros2_control_demo_description:/opt/ros/humble /usr/bin/cmake --build /home/kuba/control_ws/src/teleop_robot/build/carlikebot -- -j8 -l8
[2.509s] Level 1:colcon.colcon_core.environment:create_environment_scripts_only(carlikebot)
[2.509s] Level 1:colcon.colcon_core.environment:checking '/home/kuba/control_ws/src/teleop_robot/install/carlikebot' for CMake module files
[2.510s] Level 1:colcon.colcon_core.environment:checking '/home/kuba/control_ws/src/teleop_robot/install/carlikebot' for CMake config files
[2.510s] Level 1:colcon.colcon_core.environment:checking '/home/kuba/control_ws/src/teleop_robot/install/carlikebot/bin'
[2.510s] Level 1:colcon.colcon_core.environment:checking '/home/kuba/control_ws/src/teleop_robot/install/carlikebot/lib/pkgconfig/carlikebot.pc'
[2.510s] Level 1:colcon.colcon_core.environment:checking '/home/kuba/control_ws/src/teleop_robot/install/carlikebot/lib/python3.10/site-packages'
[2.511s] Level 1:colcon.colcon_core.environment:checking '/home/kuba/control_ws/src/teleop_robot/install/carlikebot/bin'
[2.511s] INFO:colcon.colcon_core.shell:Creating package script '/home/kuba/control_ws/src/teleop_robot/install/carlikebot/share/carlikebot/package.ps1'
[2.512s] INFO:colcon.colcon_core.shell:Creating package descriptor '/home/kuba/control_ws/src/teleop_robot/install/carlikebot/share/carlikebot/package.dsv'
[2.512s] INFO:colcon.colcon_core.shell:Creating package script '/home/kuba/control_ws/src/teleop_robot/install/carlikebot/share/carlikebot/package.sh'
[2.513s] INFO:colcon.colcon_core.shell:Creating package script '/home/kuba/control_ws/src/teleop_robot/install/carlikebot/share/carlikebot/package.bash'
[2.513s] INFO:colcon.colcon_core.shell:Creating package script '/home/kuba/control_ws/src/teleop_robot/install/carlikebot/share/carlikebot/package.zsh'
[2.514s] Level 1:colcon.colcon_core.environment:create_file_with_runtime_dependencies(/home/kuba/control_ws/src/teleop_robot/install/carlikebot/share/colcon-core/packages/carlikebot)
[2.514s] DEBUG:colcon.colcon_parallel_executor.executor.parallel:closing loop
[2.515s] DEBUG:colcon.colcon_parallel_executor.executor.parallel:loop closed
[2.515s] DEBUG:colcon.colcon_parallel_executor.executor.parallel:run_until_complete finished with '2'
[2.515s] DEBUG:colcon.colcon_core.event_reactor:joining thread
[2.520s] INFO:colcon.colcon_core.plugin_system:Skipping extension 'colcon_notification.desktop_notification.terminal_notifier': Not used on non-Darwin systems
[2.520s] INFO:colcon.colcon_core.plugin_system:Skipping extension 'colcon_notification.desktop_notification.win32': Not used on non-Windows systems
[2.520s] INFO:colcon.colcon_notification.desktop_notification:Sending desktop notification using 'notify2'
[2.533s] DEBUG:colcon.colcon_core.event_reactor:joined thread
[2.533s] INFO:colcon.colcon_core.shell:Creating prefix script '/home/kuba/control_ws/src/teleop_robot/install/local_setup.ps1'
[2.535s] INFO:colcon.colcon_core.shell:Creating prefix util module '/home/kuba/control_ws/src/teleop_robot/install/_local_setup_util_ps1.py'
[2.536s] INFO:colcon.colcon_core.shell:Creating prefix chain script '/home/kuba/control_ws/src/teleop_robot/install/setup.ps1'
[2.538s] INFO:colcon.colcon_core.shell:Creating prefix script '/home/kuba/control_ws/src/teleop_robot/install/local_setup.sh'
[2.539s] INFO:colcon.colcon_core.shell:Creating prefix util module '/home/kuba/control_ws/src/teleop_robot/install/_local_setup_util_sh.py'
[2.539s] INFO:colcon.colcon_core.shell:Creating prefix chain script '/home/kuba/control_ws/src/teleop_robot/install/setup.sh'
[2.540s] INFO:colcon.colcon_core.shell:Creating prefix script '/home/kuba/control_ws/src/teleop_robot/install/local_setup.bash'
[2.541s] INFO:colcon.colcon_core.shell:Creating prefix chain script '/home/kuba/control_ws/src/teleop_robot/install/setup.bash'
[2.542s] INFO:colcon.colcon_core.shell:Creating prefix script '/home/kuba/control_ws/src/teleop_robot/install/local_setup.zsh'
[2.543s] INFO:colcon.colcon_core.shell:Creating prefix chain script '/home/kuba/control_ws/src/teleop_robot/install/setup.zsh'
