[0.013s] Invoking command in '/home/kuba/control_ws/src/teleop_robot/build/ros2_control_demo_description': CMAKE_PREFIX_PATH=/opt/ros/humble /usr/bin/cmake --build /home/kuba/control_ws/src/teleop_robot/build/ros2_control_demo_description -- -j8 -l8
[0.054s] Invoked command in '/home/kuba/control_ws/src/teleop_robot/build/ros2_control_demo_description' returned '0': CMAKE_PREFIX_PATH=/opt/ros/humble /usr/bin/cmake --build /home/kuba/control_ws/src/teleop_robot/build/ros2_control_demo_description -- -j8 -l8
[0.087s] Invoking command in '/home/kuba/control_ws/src/teleop_robot/build/ros2_control_demo_description': CMAKE_PREFIX_PATH=/opt/ros/humble /usr/bin/cmake --install /home/kuba/control_ws/src/teleop_robot/build/ros2_control_demo_description
[0.094s] -- Install configuration: ""
[0.095s] -- Execute custom install script
[0.095s] -- Up-to-date symlink: /home/kuba/control_ws/src/teleop_robot/install/ros2_control_demo_description/share/ros2_control_demo_description/carlikebot/urdf/carlikebot.materials.xacro
[0.095s] -- Up-to-date symlink: /home/kuba/control_ws/src/teleop_robot/install/ros2_control_demo_description/share/ros2_control_demo_description/carlikebot/urdf/carlikebot_description.urdf.xacro
[0.096s] -- Up-to-date symlink: /home/kuba/control_ws/src/teleop_robot/install/ros2_control_demo_description/share/ros2_control_demo_description/carlikebot/rviz/carlikebot.rviz
[0.096s] -- Up-to-date symlink: /home/kuba/control_ws/src/teleop_robot/install/ros2_control_demo_description/share/ros2_control_demo_description/carlikebot/rviz/carlikebot_view.rviz
[0.096s] -- Up-to-date symlink: /home/kuba/control_ws/src/teleop_robot/install/ros2_control_demo_description/share/ament_index/resource_index/package_run_dependencies/ros2_control_demo_description
[0.097s] -- Up-to-date symlink: /home/kuba/control_ws/src/teleop_robot/install/ros2_control_demo_description/share/ament_index/resource_index/parent_prefix_path/ros2_control_demo_description
[0.097s] -- Up-to-date symlink: /home/kuba/control_ws/src/teleop_robot/install/ros2_control_demo_description/share/ros2_control_demo_description/environment/ament_prefix_path.sh
[0.097s] -- Up-to-date symlink: /home/kuba/control_ws/src/teleop_robot/install/ros2_control_demo_description/share/ros2_control_demo_description/environment/ament_prefix_path.dsv
[0.097s] -- Up-to-date symlink: /home/kuba/control_ws/src/teleop_robot/install/ros2_control_demo_description/share/ros2_control_demo_description/environment/path.sh
[0.098s] -- Up-to-date symlink: /home/kuba/control_ws/src/teleop_robot/install/ros2_control_demo_description/share/ros2_control_demo_description/environment/path.dsv
[0.098s] -- Up-to-date symlink: /home/kuba/control_ws/src/teleop_robot/install/ros2_control_demo_description/share/ros2_control_demo_description/local_setup.bash
[0.098s] -- Up-to-date symlink: /home/kuba/control_ws/src/teleop_robot/install/ros2_control_demo_description/share/ros2_control_demo_description/local_setup.sh
[0.099s] -- Up-to-date symlink: /home/kuba/control_ws/src/teleop_robot/install/ros2_control_demo_description/share/ros2_control_demo_description/local_setup.zsh
[0.099s] -- Up-to-date symlink: /home/kuba/control_ws/src/teleop_robot/install/ros2_control_demo_description/share/ros2_control_demo_description/local_setup.dsv
[0.099s] -- Symlinking: /home/kuba/control_ws/src/teleop_robot/install/ros2_control_demo_description/share/ros2_control_demo_description/package.dsv
[0.109s] -- Up-to-date symlink: /home/kuba/control_ws/src/teleop_robot/install/ros2_control_demo_description/share/ament_index/resource_index/packages/ros2_control_demo_description
[0.109s] -- Up-to-date symlink: /home/kuba/control_ws/src/teleop_robot/install/ros2_control_demo_description/share/ros2_control_demo_description/cmake/ros2_control_demo_descriptionConfig.cmake
[0.110s] -- Up-to-date symlink: /home/kuba/control_ws/src/teleop_robot/install/ros2_control_demo_description/share/ros2_control_demo_description/cmake/ros2_control_demo_descriptionConfig-version.cmake
[0.110s] -- Up-to-date symlink: /home/kuba/control_ws/src/teleop_robot/install/ros2_control_demo_description/share/ros2_control_demo_description/package.xml
[0.113s] Invoked command in '/home/kuba/control_ws/src/teleop_robot/build/ros2_control_demo_description' returned '0': CMAKE_PREFIX_PATH=/opt/ros/humble /usr/bin/cmake --install /home/kuba/control_ws/src/teleop_robot/build/ros2_control_demo_description
