[ 50%] [32mBuilding CXX object CMakeFiles/carlikebot.dir/hardware/carlikebot_system.cpp.o[0m
[100%] [32m[1mLinking CXX shared library libcarlikebot.so[0m
[100%] Built target carlikebot
-- Install configuration: ""
-- Execute custom install script
-- Symlinking: /home/kuba/control_ws/src/teleop_robot/install/carlikebot/share/carlikebot//carlikebot.xml
-- Symlinking: /home/kuba/control_ws/src/teleop_robot/install/carlikebot/include/carlikebot/carlikebot/carlikebot_system.hpp
-- Symlinking: /home/kuba/control_ws/src/teleop_robot/install/carlikebot/share/carlikebot/launch/view_robot.launch.py
-- Symlinking: /home/kuba/control_ws/src/teleop_robot/install/carlikebot/share/carlikebot/ros2_control/carlikebot.ros2_control.xacro
-- Symlinking: /home/kuba/control_ws/src/teleop_robot/install/carlikebot/share/carlikebot/urdf/carlikebot.urdf.xacro
-- Symlinking: /home/kuba/control_ws/src/teleop_robot/install/carlikebot/share/carlikebot/launch/carlikebot.launch.py
-- Symlinking: /home/kuba/control_ws/src/teleop_robot/install/carlikebot/share/carlikebot/config/carlikebot_controllers.yaml
-- Symlinking: /home/kuba/control_ws/src/teleop_robot/install/carlikebot/share/carlikebot/environment/library_path.sh
-- Symlinking: /home/kuba/control_ws/src/teleop_robot/install/carlikebot/share/carlikebot/environment/library_path.dsv
-- Symlinking: /home/kuba/control_ws/src/teleop_robot/install/carlikebot/share/ament_index/resource_index/package_run_dependencies/carlikebot
-- Symlinking: /home/kuba/control_ws/src/teleop_robot/install/carlikebot/share/ament_index/resource_index/parent_prefix_path/carlikebot
-- Symlinking: /home/kuba/control_ws/src/teleop_robot/install/carlikebot/share/carlikebot/environment/ament_prefix_path.sh
-- Symlinking: /home/kuba/control_ws/src/teleop_robot/install/carlikebot/share/carlikebot/environment/ament_prefix_path.dsv
-- Symlinking: /home/kuba/control_ws/src/teleop_robot/install/carlikebot/share/carlikebot/environment/path.sh
-- Symlinking: /home/kuba/control_ws/src/teleop_robot/install/carlikebot/share/carlikebot/environment/path.dsv
-- Symlinking: /home/kuba/control_ws/src/teleop_robot/install/carlikebot/share/carlikebot/local_setup.bash
-- Symlinking: /home/kuba/control_ws/src/teleop_robot/install/carlikebot/share/carlikebot/local_setup.sh
-- Symlinking: /home/kuba/control_ws/src/teleop_robot/install/carlikebot/share/carlikebot/local_setup.zsh
-- Symlinking: /home/kuba/control_ws/src/teleop_robot/install/carlikebot/share/carlikebot/local_setup.dsv
-- Symlinking: /home/kuba/control_ws/src/teleop_robot/install/carlikebot/share/carlikebot/package.dsv
-- Symlinking: /home/kuba/control_ws/src/teleop_robot/install/carlikebot/share/ament_index/resource_index/packages/carlikebot
-- Symlinking: /home/kuba/control_ws/src/teleop_robot/install/carlikebot/share/ament_index/resource_index/hardware_interface__pluginlib__plugin/carlikebot
-- Symlinking: /home/kuba/control_ws/src/teleop_robot/install/carlikebot/share/carlikebot/cmake/ament_cmake_export_targets-extras.cmake
-- Symlinking: /home/kuba/control_ws/src/teleop_robot/install/carlikebot/share/carlikebot/cmake/ament_cmake_export_dependencies-extras.cmake
-- Symlinking: /home/kuba/control_ws/src/teleop_robot/install/carlikebot/share/carlikebot/cmake/carlikebotConfig.cmake
-- Symlinking: /home/kuba/control_ws/src/teleop_robot/install/carlikebot/share/carlikebot/cmake/carlikebotConfig-version.cmake
-- Symlinking: /home/kuba/control_ws/src/teleop_robot/install/carlikebot/share/carlikebot/package.xml
-- Installing: /home/kuba/control_ws/src/teleop_robot/install/carlikebot/lib/libcarlikebot.so
-- Set runtime path of "/home/kuba/control_ws/src/teleop_robot/install/carlikebot/lib/libcarlikebot.so" to ""
-- Installing: /home/kuba/control_ws/src/teleop_robot/install/carlikebot/share/carlikebot/cmake/carlikebotExport.cmake
-- Installing: /home/kuba/control_ws/src/teleop_robot/install/carlikebot/share/carlikebot/cmake/carlikebotExport-noconfig.cmake
